Arguments: 
  /usr/local/Cellar/node/15.11.0/bin/node /usr/local/bin/yarn

PATH: 
  /usr/local/bin:/usr/bin:/bin:/usr/sbin:/sbin

Yarn version: 
  1.22.10

Node version: 
  15.11.0

Platform: 
  darwin x64

Trace: 
  Error: ENOENT: no such file or directory, lstat '/Users/sheikhar/Downloads/survey-example-spring-boot-angular-master/frontend/node_modules/@angular/cli/node_modules/semver/classes'

npm manifest: 
  {
    "name": "survey-poc-spring-boot-angular",
    "description": "A survey poc using Angular 5, Material, Reactive Forms, Spring Boot..",
    "homepage": "https://github.com/joumenharzli/survey-poc-spring-boot-angular",
    "author": {
      "name": "Joumen Harzli"
    },
    "version": "0.0.0",
    "license": "ALv2",
    "scripts": {
      "ng": "ng",
      "start": "ng serve",
      "build": "ng build",
      "test": "ng test",
      "lint": "ng lint",
      "e2e": "ng e2e",
      "ci": "ng e2e --watch=false"
    },
    "dependencies": {
      "@angular/animations": "^5.1.3",
      "@angular/cdk": "^5.0.3",
      "@angular/common": "^5.1.3",
      "@angular/compiler": "^5.1.3",
      "@angular/core": "^5.1.3",
      "@angular/forms": "^5.1.3",
      "@angular/http": "^5.1.3",
      "@angular/material": "^5.0.3",
      "@angular/platform-browser": "^5.1.3",
      "@angular/platform-browser-dynamic": "^5.1.3",
      "@angular/router": "^5.1.3",
      "core-js": "^2.5.3",
      "hammerjs": "2.0.8",
      "lodash": "^4.17.4",
      "rxjs": "^5.5.6",
      "web-animations-js": "2.3.1",
      "zone.js": "^0.8.19"
    },
    "devDependencies": {
      "@angular/cli": "^1.6.3",
      "@angular/compiler-cli": "^5.0.0",
      "@angular/language-service": "^5.0.0",
      "@types/jasmine": "~2.5.53",
      "@types/jasminewd2": "~2.0.2",
      "@types/node": "~6.0.60",
      "codelyzer": "~3.0.1",
      "jasmine-core": "~2.6.2",
      "jasmine-spec-reporter": "~4.1.0",
      "karma": "~1.7.0",
      "karma-chrome-launcher": "~2.1.1",
      "karma-cli": "~1.0.1",
      "karma-coverage-istanbul-reporter": "^1.2.1",
      "karma-jasmine": "~1.1.0",
      "karma-jasmine-html-reporter": "^0.2.2",
      "protractor": "~5.1.2",
      "ts-node": "~3.0.4",
      "tslint": "~5.3.2",
      "typescript": "~2.4.2"
    }
  }

yarn manifest: 
  No manifest

Lockfile: 
  # THIS IS AN AUTOGENERATED FILE. DO NOT EDIT THIS FILE DIRECTLY.
  # yarn lockfile v1
  
  
  "@angular/animations@^5.1.3":
    "integrity" "sha512-DlcANlrQ2aaspCZZ6yHdEx1PaLKT1q3/xkdTgoKNTJfj9eautcrEuar8NoH0dkzXuQT0i9GewK6+zsF581rpdQ=="
    "resolved" "https://registry.npmjs.org/@angular/animations/-/animations-5.1.3.tgz"
    "version" "5.1.3"
    dependencies:
      "tslib" "^1.7.1"
  
  "@angular/cdk@^5.0.3", "@angular/cdk@5.0.3":
    "integrity" "sha1-1PrPGVjr7mrqePLadQcYTNhYBZY="
    "resolved" "https://registry.npmjs.org/@angular/cdk/-/cdk-5.0.3.tgz"
    "version" "5.0.3"
    dependencies:
      "tslib" "^1.7.1"
  
  "@angular/cli@file:../../../../../usr/local/lib/node_modules/@angular/cli":
    "resolved" "file:../../../../../usr/local/lib/node_modules/@angular/cli"
    "version" "11.2.3"
    dependencies:
      "@angular-devkit/architect" "0.1102.3"
      "@angular-devkit/core" "11.2.3"
      "@angular-devkit/schematics" "11.2.3"
      "@schematics/angular" "11.2.3"
      "@schematics/update" "0.1102.3"
      "@yarnpkg/lockfile" "1.1.0"
      "ansi-colors" "4.1.1"
      "debug" "4.3.1"
      "ini" "2.0.0"
      "inquirer" "7.3.3"
      "jsonc-parser" "3.0.0"
      "npm-package-arg" "8.1.0"
      "npm-pick-manifest" "6.1.0"
      "open" "7.4.0"
      "ora" "5.3.0"
      "pacote" "11.2.4"
      "resolve" "1.19.0"
      "rimraf" "3.0.2"
      "semver" "7.3.4"
      "symbol-observable" "3.0.0"
      "universal-analytics" "0.4.23"
      "uuid" "8.3.2"
  
  "@angular/common@^5.1.3", "@angular/common@~5.1.1", "@angular/common@5.1.3":
    "integrity" "sha512-n0bzjfOVZH7+FPHQ3nnE3aAgMWebz4afO/Wh01LZNfVgcjdBxHblAYcMaoJeR7zW7f1zm51P6aDa4XlVtsVupQ=="
    "resolved" "https://registry.npmjs.org/@angular/common/-/common-5.1.3.tgz"
    "version" "5.1.3"
    dependencies:
      "tslib" "^1.7.1"
  
  "@angular/compiler-cli@^5.0.0":
    "integrity" "sha512-5pmVgFch67qYxl04PitagfUgiw0k7Ak1Cvj5LY2gs0961SHo8qLRA2/4xUKAxv4rFy+fx2Qr9KD99YB+wbsb3A=="
    "resolved" "https://registry.npmjs.org/@angular/compiler-cli/-/compiler-cli-5.1.3.tgz"
    "version" "5.1.3"
    dependencies:
      "chokidar" "^1.4.2"
      "minimist" "^1.2.0"
      "reflect-metadata" "^0.1.2"
      "tsickle" "^0.25.5"
  
  "@angular/compiler@^2.3.1 || >=4.0.0-beta <5.0.0", "@angular/compiler@^5.1.3", "@angular/compiler@5.1.3":
    "integrity" "sha512-YQyL52+CtduFqyodv3m+s8qNDRbmEyEv/ZZHEWNKxKFr7RQ5n7+pbjdincwGf2c2mBw4EqWLgyCdd9SFmjJd0w=="
    "resolved" "https://registry.npmjs.org/@angular/compiler/-/compiler-5.1.3.tgz"
    "version" "5.1.3"
    dependencies:
      "tslib" "^1.7.1"
  
  "@angular/core@^2.3.1 || >=4.0.0-beta <5.0.0", "@angular/core@^5.1.3", "@angular/core@~5.1.1", "@angular/core@5.1.3":
    "integrity" "sha512-lGlILYCumA5s8Pf+egDW6kjlrEQwnpUG2fBQ4SNRChzzRoTWeJ1XPCrEI9YyFvC8qUsYcDIZwHWBXQQqhdEvmQ=="
    "resolved" "https://registry.npmjs.org/@angular/core/-/core-5.1.3.tgz"
    "version" "5.1.3"
    dependencies:
      "tslib" "^1.7.1"
  
  "@angular/forms@^5.1.3":
    "integrity" "sha512-DTUg7agXPjvacWHojl0vXuvyJ0Ik9I0D23KKWyzHZHlxXb4vfN7KYP9qIOMwadLLIog8MEu4a6EGgKAoPsZ/Ng=="
    "resolved" "https://registry.npmjs.org/@angular/forms/-/forms-5.1.3.tgz"
    "version" "5.1.3"
    dependencies:
      "tslib" "^1.7.1"
  
  "@angular/http@^5.1.3":
    "integrity" "sha512-Ptnu15yjYnvKucLBRKrJqneFMkQYjfwDFgVASLb+YJhRzNFBnqcK8JdfilhP7f0WESANDcwtC/YoaShpiyugNA=="
    "resolved" "https://registry.npmjs.org/@angular/http/-/http-5.1.3.tgz"
    "version" "5.1.3"
    dependencies:
      "tslib" "^1.7.1"
  
  "@angular/language-service@^5.0.0":
    "integrity" "sha512-qj5K02LdG637YzqgtQVHVwZbzLHWm2WZOHPthu0M04RjS6bZxD4Ng828IXxFydrxoyTcDO/x0Uy2OAb7+rbBQw=="
    "resolved" "https://registry.npmjs.org/@angular/language-service/-/language-service-5.1.3.tgz"
    "version" "5.1.3"
  
  "@angular/material@^5.0.3":
    "integrity" "sha1-A0VVE0aXPgYHaAKISJxfkSniC6I="
    "resolved" "https://registry.npmjs.org/@angular/material/-/material-5.0.3.tgz"
    "version" "5.0.3"
    dependencies:
      "tslib" "^1.7.1"
  
  "@angular/platform-browser-dynamic@^5.1.3":
    "integrity" "sha512-LKyHzN0LZqcw8nL19yJsbqPMBZ2nxPYFDkbsBicxfr9RHWbWbDuIZXY5l742guzAFBPHhccx9Lpjd3Gwxi7syg=="
    "resolved" "https://registry.npmjs.org/@angular/platform-browser-dynamic/-/platform-browser-dynamic-5.1.3.tgz"
    "version" "5.1.3"
    dependencies:
      "tslib" "^1.7.1"
  
  "@angular/platform-browser@^5.1.3", "@angular/platform-browser@5.1.3":
    "integrity" "sha512-APMYMgEith68hsuSS8PpE0Dn1dEhJN1IkaIeL+ZlmhZQ4GktVAvMV2ySFYHoQofT5QIWEnvbT2r/cvgW9+8IUQ=="
    "resolved" "https://registry.npmjs.org/@angular/platform-browser/-/platform-browser-5.1.3.tgz"
    "version" "5.1.3"
    dependencies:
      "tslib" "^1.7.1"
  
  "@angular/router@^5.1.3":
    "integrity" "sha512-dhrrk2jfbIQEGWkonRyAjrJSt/a3aLmRRWiSL3UUZhfUqMUGhaxwJn7hYB1uQyvhqTGKYncBvjMrdGFmsQInNQ=="
    "resolved" "https://registry.npmjs.org/@angular/router/-/router-5.1.3.tgz"
    "version" "5.1.3"
    dependencies:
      "tslib" "^1.7.1"
  
  "@types/jasmine@*", "@types/jasmine@~2.5.53":
    "integrity" "sha512-B9YofFbUljs19g5gBKUYeLIulsh31U5AK70F41BImQRHEZQGm4GcN922UvnYwkduMqbC/NH+9fruWa/zrqvHIg=="
    "resolved" "https://registry.npmjs.org/@types/jasmine/-/jasmine-2.5.54.tgz"
    "version" "2.5.54"
  
  "@types/jasminewd2@~2.0.2":
    "integrity" "sha512-hYDVmQZT5VA2kigd4H4bv7vl/OhlympwREUemqBdOqtrYTo5Ytm12a5W5/nGgGYdanGVxj0x/VhZ7J3hOg/YKg=="
    "resolved" "https://registry.npmjs.org/@types/jasminewd2/-/jasminewd2-2.0.3.tgz"
    "version" "2.0.3"
    dependencies:
      "@types/jasmine" "*"
  
  "@types/node@^6.0.46", "@types/node@~6.0.60":
    "integrity" "sha512-fsOOY6tMQ3jCB2wD51XFDmmpgm4wVKkJECdcVRqapbJEa7awJDcr+SaH8toz+4r4KW8YQ3M7ybXMoSDo1QGewA=="
    "resolved" "https://registry.npmjs.org/@types/node/-/node-6.0.96.tgz"
    "version" "6.0.96"
  
  "@types/q@^0.0.32":
    "integrity" "sha1-vShOV8hPEyXacCur/IKlMoGQwMU="
    "resolved" "https://registry.npmjs.org/@types/q/-/q-0.0.32.tgz"
    "version" "0.0.32"
  
  "@types/selenium-webdriver@^2.53.35", "@types/selenium-webdriver@~2.53.39":
    "integrity" "sha512-UBYHWph6P3tutkbXpW6XYg9ZPbTKjw/YC2hGG1/GEvWwTbvezBUv3h+mmUFw79T3RFPnmedpiXdOBbXX+4l0jg=="
    "resolved" "https://registry.npmjs.org/@types/selenium-webdriver/-/selenium-webdriver-2.53.43.tgz"
    "version" "2.53.43"
  
  "accepts@1.3.3":
    "integrity" "sha1-w8p0NJOGSMPg2cHjKN1otiLChMo="
    "resolved" "https://registry.npmjs.org/accepts/-/accepts-1.3.3.tgz"
    "version" "1.3.3"
    dependencies:
      "mime-types" "~2.1.11"
      "negotiator" "0.6.1"
  
  "adm-zip@^0.4.7":
    "integrity" "sha1-hgbCy/HEJs6MjsABdER/1Jtur8E="
    "resolved" "https://registry.npmjs.org/adm-zip/-/adm-zip-0.4.7.tgz"
    "version" "0.4.7"
  
  "adm-zip@0.4.4":
    "integrity" "sha1-ph7VrmkFw66lizplfSUDMJEFJzY="
    "resolved" "https://registry.npmjs.org/adm-zip/-/adm-zip-0.4.4.tgz"
    "version" "0.4.4"
  
  "after@0.8.2":
    "integrity" "sha1-/ts5T58OAqqXaOcCvaI7UF+ufh8="
    "resolved" "https://registry.npmjs.org/after/-/after-0.8.2.tgz"
    "version" "0.8.2"
  
  "agent-base@2":
    "integrity" "sha1-1t4Q1a9hMtW9aSQn1G/FOFOQlMc="
    "resolved" "https://registry.npmjs.org/agent-base/-/agent-base-2.1.1.tgz"
    "version" "2.1.1"
    dependencies:
      "extend" "~3.0.0"
      "semver" "~5.0.1"
  
  "ajv@^4.9.1":
    "integrity" "sha1-gv+wKynmYq5TvcIK8VlHcGc5xTY="
    "resolved" "https://registry.npmjs.org/ajv/-/ajv-4.11.8.tgz"
    "version" "4.11.8"
    dependencies:
      "co" "^4.6.0"
      "json-stable-stringify" "^1.0.1"
  
  "align-text@^0.1.1", "align-text@^0.1.3":
    "integrity" "sha1-DNkKVhCT810KmSVsIrcGlDP60Rc="
    "resolved" "https://registry.npmjs.org/align-text/-/align-text-0.1.4.tgz"
    "version" "0.1.4"
    dependencies:
      "kind-of" "^3.0.2"
      "longest" "^1.0.1"
      "repeat-string" "^1.5.2"
  
  "amdefine@>=0.0.4":
    "integrity" "sha1-SlKCrBZHKek2Gbz9OtFR+BfOkfU="
    "resolved" "https://registry.npmjs.org/amdefine/-/amdefine-1.0.1.tgz"
    "version" "1.0.1"
  
  "ansi-regex@^2.0.0":
    "integrity" "sha1-w7M6te42DYbg5ijwRorn7yfWVN8="
    "resolved" "https://registry.npmjs.org/ansi-regex/-/ansi-regex-2.1.1.tgz"
    "version" "2.1.1"
  
  "ansi-styles@^2.2.1":
    "integrity" "sha1-tDLdM1i2NM914eRmQ2gkBTPB3b4="
    "resolved" "https://registry.npmjs.org/ansi-styles/-/ansi-styles-2.2.1.tgz"
    "version" "2.2.1"
  
  "anymatch@^1.3.0":
    "integrity" "sha512-0XNayC8lTHQ2OI8aljNCN3sSx6hsr/1+rlcDAotXJR7C1oZZHCNsfpbKwMjRA3Uqb5tF1Rae2oloTr4xpq+WjA=="
    "resolved" "https://registry.npmjs.org/anymatch/-/anymatch-1.3.2.tgz"
    "version" "1.3.2"
    dependencies:
      "micromatch" "^2.1.5"
      "normalize-path" "^2.0.0"
  
  "app-root-path@^2.0.1":
    "integrity" "sha1-zWLc+OT9WkF+/GZNLlsQZTxlG0Y="
    "resolved" "https://registry.npmjs.org/app-root-path/-/app-root-path-2.0.1.tgz"
    "version" "2.0.1"
  
  "append-transform@^0.4.0":
    "integrity" "sha1-126/jKlNJ24keja61EpLdKthGZE="
    "resolved" "https://registry.npmjs.org/append-transform/-/append-transform-0.4.0.tgz"
    "version" "0.4.0"
    dependencies:
      "default-require-extensions" "^1.0.0"
  
  "argparse@^1.0.7":
    "integrity" "sha1-c9g7wmP4bpf4zE9rrhsOkKfSLIY="
    "resolved" "https://registry.npmjs.org/argparse/-/argparse-1.0.9.tgz"
    "version" "1.0.9"
    dependencies:
      "sprintf-js" "~1.0.2"
  
  "arr-diff@^2.0.0":
    "integrity" "sha1-jzuCf5Vai9ZpaX5KQlasPOrjVs8="
    "resolved" "https://registry.npmjs.org/arr-diff/-/arr-diff-2.0.0.tgz"
    "version" "2.0.0"
    dependencies:
      "arr-flatten" "^1.0.1"
  
  "arr-flatten@^1.0.1":
    "integrity" "sha512-L3hKV5R/p5o81R7O02IGnwpDmkp6E982XhtbuwSe3O4qOtMMMtodicASA1Cny2U+aCXcNpml+m4dPsvsJ3jatg=="
    "resolved" "https://registry.npmjs.org/arr-flatten/-/arr-flatten-1.1.0.tgz"
    "version" "1.1.0"
  
  "array-slice@^0.2.3":
    "integrity" "sha1-3Tz7gO15c6dRF82sabC5nshhhvU="
    "resolved" "https://registry.npmjs.org/array-slice/-/array-slice-0.2.3.tgz"
    "version" "0.2.3"
  
  "array-union@^1.0.1":
    "integrity" "sha1-mjRBDk9OPaI96jdb5b5w8kd47Dk="
    "resolved" "https://registry.npmjs.org/array-union/-/array-union-1.0.2.tgz"
    "version" "1.0.2"
    dependencies:
      "array-uniq" "^1.0.1"
  
  "array-uniq@^1.0.1":
    "integrity" "sha1-r2rId6Jcx/dOBYiUdThY39sk/bY="
    "resolved" "https://registry.npmjs.org/array-uniq/-/array-uniq-1.0.3.tgz"
    "version" "1.0.3"
  
  "array-unique@^0.2.1":
    "integrity" "sha1-odl8yvy8JiXMcPrc6zalDFiwGlM="
    "resolved" "https://registry.npmjs.org/array-unique/-/array-unique-0.2.1.tgz"
    "version" "0.2.1"
  
  "arraybuffer.slice@0.0.6":
    "integrity" "sha1-8zshWfBTKj8xB6JywMz70a0peco="
    "resolved" "https://registry.npmjs.org/arraybuffer.slice/-/arraybuffer.slice-0.0.6.tgz"
    "version" "0.0.6"
  
  "arrify@^1.0.0":
    "integrity" "sha1-iYUI2iIm84DfkEcoRWhJwVAaSw0="
    "resolved" "https://registry.npmjs.org/arrify/-/arrify-1.0.1.tgz"
    "version" "1.0.1"
  
  "asn1@~0.2.3":
    "integrity" "sha1-2sh4dxPJlmhJ/IGAd36+nB3fO4Y="
    "resolved" "https://registry.npmjs.org/asn1/-/asn1-0.2.3.tgz"
    "version" "0.2.3"
  
  "assert-plus@^0.2.0":
    "integrity" "sha1-104bh+ev/A24qttwIfP+SBAasjQ="
    "resolved" "https://registry.npmjs.org/assert-plus/-/assert-plus-0.2.0.tgz"
    "version" "0.2.0"
  
  "assert-plus@^1.0.0":
    "integrity" "sha1-8S4PPF13sLHN2RRpQuTpbB5N1SU="
    "resolved" "https://registry.npmjs.org/assert-plus/-/assert-plus-1.0.0.tgz"
    "version" "1.0.0"
  
  "assert-plus@1.0.0":
    "integrity" "sha1-8S4PPF13sLHN2RRpQuTpbB5N1SU="
    "resolved" "https://registry.npmjs.org/assert-plus/-/assert-plus-1.0.0.tgz"
    "version" "1.0.0"
  
  "async-each@^1.0.0":
    "integrity" "sha1-GdOGodntxufByF04iu28xW0zYC0="
    "resolved" "https://registry.npmjs.org/async-each/-/async-each-1.0.1.tgz"
    "version" "1.0.1"
  
  "async@^1.4.0":
    "integrity" "sha1-7GphrlZIDAw8skHJVhjiCJL5Zyo="
    "resolved" "https://registry.npmjs.org/async/-/async-1.5.2.tgz"
    "version" "1.5.2"
  
  "async@^2.1.4":
    "integrity" "sha512-xAfGg1/NTLBBKlHFmnd7PlmUW9KhVQIUuSrYem9xzFUZy13ScvtyGGejaae9iAVRiRq9+Cx7DPFaAAhCpyxyPw=="
    "resolved" "https://registry.npmjs.org/async/-/async-2.6.0.tgz"
    "version" "2.6.0"
    dependencies:
      "lodash" "^4.14.0"
  
  "asynckit@^0.4.0":
    "integrity" "sha1-x57Zf380y48robyXkLzDZkdLS3k="
    "resolved" "https://registry.npmjs.org/asynckit/-/asynckit-0.4.0.tgz"
    "version" "0.4.0"
  
  "aws-sign2@~0.6.0":
    "integrity" "sha1-FDQt0428yU0OW4fXY81jYSwOeU8="
    "resolved" "https://registry.npmjs.org/aws-sign2/-/aws-sign2-0.6.0.tgz"
    "version" "0.6.0"
  
  "aws4@^1.2.1":
    "integrity" "sha1-g+9cqGCysy5KDe7e6MdxudtXRx4="
    "resolved" "https://registry.npmjs.org/aws4/-/aws4-1.6.0.tgz"
    "version" "1.6.0"
  
  "babel-code-frame@^6.22.0", "babel-code-frame@^6.26.0":
    "integrity" "sha1-Y/1D99weO7fONZR9uP42mj9Yx0s="
    "resolved" "https://registry.npmjs.org/babel-code-frame/-/babel-code-frame-6.26.0.tgz"
    "version" "6.26.0"
    dependencies:
      "chalk" "^1.1.3"
      "esutils" "^2.0.2"
      "js-tokens" "^3.0.2"
  
  "babel-generator@^6.18.0":
    "integrity" "sha1-rBriAHC3n248odMmlhMFN3TyDcU="
    "resolved" "https://registry.npmjs.org/babel-generator/-/babel-generator-6.26.0.tgz"
    "version" "6.26.0"
    dependencies:
      "babel-messages" "^6.23.0"
      "babel-runtime" "^6.26.0"
      "babel-types" "^6.26.0"
      "detect-indent" "^4.0.0"
      "jsesc" "^1.3.0"
      "lodash" "^4.17.4"
      "source-map" "^0.5.6"
      "trim-right" "^1.0.1"
  
  "babel-messages@^6.23.0":
    "integrity" "sha1-8830cDhYA1sqKVHG7F7fbGLyYw4="
    "resolved" "https://registry.npmjs.org/babel-messages/-/babel-messages-6.23.0.tgz"
    "version" "6.23.0"
    dependencies:
      "babel-runtime" "^6.22.0"
  
  "babel-runtime@^6.22.0", "babel-runtime@^6.26.0":
    "integrity" "sha1-llxwWGaOgrVde/4E/yM3vItWR/4="
    "resolved" "https://registry.npmjs.org/babel-runtime/-/babel-runtime-6.26.0.tgz"
    "version" "6.26.0"
    dependencies:
      "core-js" "^2.4.0"
      "regenerator-runtime" "^0.11.0"
  
  "babel-template@^6.16.0":
    "integrity" "sha1-3gPi0WOWsGn0bdn/+FIfsaDjXgI="
    "resolved" "https://registry.npmjs.org/babel-template/-/babel-template-6.26.0.tgz"
    "version" "6.26.0"
    dependencies:
      "babel-runtime" "^6.26.0"
      "babel-traverse" "^6.26.0"
      "babel-types" "^6.26.0"
      "babylon" "^6.18.0"
      "lodash" "^4.17.4"
  
  "babel-traverse@^6.18.0", "babel-traverse@^6.26.0":
    "integrity" "sha1-RqnL1+3MYsjlwGTi0tjQ9ANXZu4="
    "resolved" "https://registry.npmjs.org/babel-traverse/-/babel-traverse-6.26.0.tgz"
    "version" "6.26.0"
    dependencies:
      "babel-code-frame" "^6.26.0"
      "babel-messages" "^6.23.0"
      "babel-runtime" "^6.26.0"
      "babel-types" "^6.26.0"
      "babylon" "^6.18.0"
      "debug" "^2.6.8"
      "globals" "^9.18.0"
      "invariant" "^2.2.2"
      "lodash" "^4.17.4"
  
  "babel-types@^6.18.0", "babel-types@^6.26.0":
    "integrity" "sha1-o7Bz+Uq0nrb6Vc1lInozQ4BjJJc="
    "resolved" "https://registry.npmjs.org/babel-types/-/babel-types-6.26.0.tgz"
    "version" "6.26.0"
    dependencies:
      "babel-runtime" "^6.26.0"
      "esutils" "^2.0.2"
      "lodash" "^4.17.4"
      "to-fast-properties" "^1.0.3"
  
  "babylon@^6.18.0":
    "integrity" "sha512-q/UEjfGJ2Cm3oKV71DJz9d25TPnq5rhBVL2Q4fA5wcC3jcrdn7+SssEybFIxwAvvP+YCsCYNKughoF33GxgycQ=="
    "resolved" "https://registry.npmjs.org/babylon/-/babylon-6.18.0.tgz"
    "version" "6.18.0"
  
  "backo2@1.0.2":
    "integrity" "sha1-MasayLEpNjRj41s+u2n038+6eUc="
    "resolved" "https://registry.npmjs.org/backo2/-/backo2-1.0.2.tgz"
    "version" "1.0.2"
  
  "balanced-match@^1.0.0":
    "integrity" "sha1-ibTRmasr7kneFk6gK4nORi1xt2c="
    "resolved" "https://registry.npmjs.org/balanced-match/-/balanced-match-1.0.0.tgz"
    "version" "1.0.0"
  
  "base64-arraybuffer@0.1.5":
    "integrity" "sha1-c5JncZI7Whl0etZmqlzUv5xunOg="
    "resolved" "https://registry.npmjs.org/base64-arraybuffer/-/base64-arraybuffer-0.1.5.tgz"
    "version" "0.1.5"
  
  "base64id@1.0.0":
    "integrity" "sha1-R2iMuZu2gE8OBtPnY7HDLlfY5rY="
    "resolved" "https://registry.npmjs.org/base64id/-/base64id-1.0.0.tgz"
    "version" "1.0.0"
  
  "bcrypt-pbkdf@^1.0.0":
    "integrity" "sha1-Y7xdy2EzG5K8Bf1SiVPDNGKgb40="
    "resolved" "https://registry.npmjs.org/bcrypt-pbkdf/-/bcrypt-pbkdf-1.0.1.tgz"
    "version" "1.0.1"
    dependencies:
      "tweetnacl" "^0.14.3"
  
  "better-assert@~1.0.0":
    "integrity" "sha1-QIZrnhueC1W0gYlDEeaPr/rrxSI="
    "resolved" "https://registry.npmjs.org/better-assert/-/better-assert-1.0.2.tgz"
    "version" "1.0.2"
    dependencies:
      "callsite" "1.0.0"
  
  "binary-extensions@^1.0.0":
    "integrity" "sha1-RqoXUftqL5PuXmibsQh9SxTGwgU="
    "resolved" "https://registry.npmjs.org/binary-extensions/-/binary-extensions-1.11.0.tgz"
    "version" "1.11.0"
  
  "blob@0.0.4":
    "integrity" "sha1-vPEwUspURj8w+fx+lbmkdjCpSSE="
    "resolved" "https://registry.npmjs.org/blob/-/blob-0.0.4.tgz"
    "version" "0.0.4"
  
  "blocking-proxy@0.0.5":
    "integrity" "sha1-RikF4Nz76pcPQao3Ij3anAexkSs="
    "resolved" "https://registry.npmjs.org/blocking-proxy/-/blocking-proxy-0.0.5.tgz"
    "version" "0.0.5"
    dependencies:
      "minimist" "^1.2.0"
  
  "bluebird@^3.3.0":
    "integrity" "sha512-MKiLiV+I1AA596t9w1sQJ8jkiSr5+ZKi0WKrYGUn6d1Fx+Ij4tIj+m2WMQSGczs5jZVxV339chE8iwk6F64wjA=="
    "resolved" "https://registry.npmjs.org/bluebird/-/bluebird-3.5.1.tgz"
    "version" "3.5.1"
  
  "body-parser@^1.16.1":
    "integrity" "sha1-h2eKGdhLR9hZuDGZvVm84iKxBFQ="
    "resolved" "https://registry.npmjs.org/body-parser/-/body-parser-1.18.2.tgz"
    "version" "1.18.2"
    dependencies:
      "bytes" "3.0.0"
      "content-type" "~1.0.4"
      "debug" "2.6.9"
      "depd" "~1.1.1"
      "http-errors" "~1.6.2"
      "iconv-lite" "0.4.19"
      "on-finished" "~2.3.0"
      "qs" "6.5.1"
      "raw-body" "2.3.2"
      "type-is" "~1.6.15"
  
  "boom@2.x.x":
    "integrity" "sha1-OciRjO/1eZ+D+UkqhI9iWt0Mdm8="
    "resolved" "https://registry.npmjs.org/boom/-/boom-2.10.1.tgz"
    "version" "2.10.1"
    dependencies:
      "hoek" "2.x.x"
  
  "brace-expansion@^1.1.7":
    "integrity" "sha1-wHshHHyVLsH479Uad+8NHTmQopI="
    "resolved" "https://registry.npmjs.org/brace-expansion/-/brace-expansion-1.1.8.tgz"
    "version" "1.1.8"
    dependencies:
      "balanced-match" "^1.0.0"
      "concat-map" "0.0.1"
  
  "braces@^0.1.2":
    "integrity" "sha1-wIVxEIUpHYt1/ddOqw+FlygHEeY="
    "resolved" "https://registry.npmjs.org/braces/-/braces-0.1.5.tgz"
    "version" "0.1.5"
    dependencies:
      "expand-range" "^0.1.0"
  
  "braces@^1.8.2":
    "integrity" "sha1-uneWLhLf+WnWt2cR6RS3N4V79qc="
    "resolved" "https://registry.npmjs.org/braces/-/braces-1.8.5.tgz"
    "version" "1.8.5"
    dependencies:
      "expand-range" "^1.8.1"
      "preserve" "^0.2.0"
      "repeat-element" "^1.1.2"
  
  "bytes@3.0.0":
    "integrity" "sha1-0ygVQE1olpn4Wk6k+odV3ROpYEg="
    "resolved" "https://registry.npmjs.org/bytes/-/bytes-3.0.0.tgz"
    "version" "3.0.0"
  
  "callsite@1.0.0":
    "integrity" "sha1-KAOY5dZkvXQDi28JBRU+borxvCA="
    "resolved" "https://registry.npmjs.org/callsite/-/callsite-1.0.0.tgz"
    "version" "1.0.0"
  
  "camelcase@^1.0.2":
    "integrity" "sha1-m7UwTS4LVmmLLHWLCKPqqdqlijk="
    "resolved" "https://registry.npmjs.org/camelcase/-/camelcase-1.2.1.tgz"
    "version" "1.2.1"
  
  "caseless@~0.12.0":
    "integrity" "sha1-G2gcIf+EAzyCZUMJBolCDRhxUdw="
    "resolved" "https://registry.npmjs.org/caseless/-/caseless-0.12.0.tgz"
    "version" "0.12.0"
  
  "center-align@^0.1.1":
    "integrity" "sha1-qg0yYptu6XIgBBHL1EYckHvCt60="
    "resolved" "https://registry.npmjs.org/center-align/-/center-align-0.1.3.tgz"
    "version" "0.1.3"
    dependencies:
      "align-text" "^0.1.3"
      "lazy-cache" "^1.0.3"
  
  "chalk@^1.1.1", "chalk@^1.1.3":
    "integrity" "sha1-qBFcVeSnAv5NFQq9OHKCKn4J/Jg="
    "resolved" "https://registry.npmjs.org/chalk/-/chalk-1.1.3.tgz"
    "version" "1.1.3"
    dependencies:
      "ansi-styles" "^2.2.1"
      "escape-string-regexp" "^1.0.2"
      "has-ansi" "^2.0.0"
      "strip-ansi" "^3.0.0"
      "supports-color" "^2.0.0"
  
  "chokidar@^1.4.1", "chokidar@^1.4.2":
    "integrity" "sha1-eY5ol3gVHIB2tLNg5e3SjNortGg="
    "resolved" "https://registry.npmjs.org/chokidar/-/chokidar-1.7.0.tgz"
    "version" "1.7.0"
    dependencies:
      "anymatch" "^1.3.0"
      "async-each" "^1.0.0"
      "glob-parent" "^2.0.0"
      "inherits" "^2.0.1"
      "is-binary-path" "^1.0.0"
      "is-glob" "^2.0.0"
      "path-is-absolute" "^1.0.0"
      "readdirp" "^2.0.0"
    optionalDependencies:
      "fsevents" "^1.0.0"
  
  "cliui@^2.1.0":
    "integrity" "sha1-S0dXYP+AJkx2LDoXGQMukcf+oNE="
    "resolved" "https://registry.npmjs.org/cliui/-/cliui-2.1.0.tgz"
    "version" "2.1.0"
    dependencies:
      "center-align" "^0.1.1"
      "right-align" "^0.1.1"
      "wordwrap" "0.0.2"
  
  "co@^4.6.0":
    "integrity" "sha1-bqa989hTrlTMuOR7+gvz+QMfsYQ="
    "resolved" "https://registry.npmjs.org/co/-/co-4.6.0.tgz"
    "version" "4.6.0"
  
  "codelyzer@~3.0.1":
    "integrity" "sha1-uma3sqpWT+n0XWAEtAA60s8RaCg="
    "resolved" "https://registry.npmjs.org/codelyzer/-/codelyzer-3.0.1.tgz"
    "version" "3.0.1"
    dependencies:
      "app-root-path" "^2.0.1"
      "css-selector-tokenizer" "^0.7.0"
      "cssauron" "^1.4.0"
      "semver-dsl" "^1.0.1"
      "source-map" "^0.5.6"
      "sprintf-js" "^1.0.3"
  
  "colors@^1.1.0", "colors@^1.1.2", "colors@1.1.2":
    "integrity" "sha1-FopHAXVran9RoSzgyXv6KMCE7WM="
    "resolved" "https://registry.npmjs.org/colors/-/colors-1.1.2.tgz"
    "version" "1.1.2"
  
  "combine-lists@^1.0.0":
    "integrity" "sha1-RYwH4J4NkA/Ci3Cj/sLazR0st/Y="
    "resolved" "https://registry.npmjs.org/combine-lists/-/combine-lists-1.0.1.tgz"
    "version" "1.0.1"
    dependencies:
      "lodash" "^4.5.0"
  
  "combined-stream@^1.0.5", "combined-stream@~1.0.5":
    "integrity" "sha1-k4NwpXtKUd6ix3wV1cX9+JUWQAk="
    "resolved" "https://registry.npmjs.org/combined-stream/-/combined-stream-1.0.5.tgz"
    "version" "1.0.5"
    dependencies:
      "delayed-stream" "~1.0.0"
  
  "component-bind@1.0.0":
    "integrity" "sha1-AMYIq33Nk4l8AAllGx06jh5zu9E="
    "resolved" "https://registry.npmjs.org/component-bind/-/component-bind-1.0.0.tgz"
    "version" "1.0.0"
  
  "component-emitter@1.1.2":
    "integrity" "sha1-KWWU8nU9qmOZbSrwjRWpURbJrsM="
    "resolved" "https://registry.npmjs.org/component-emitter/-/component-emitter-1.1.2.tgz"
    "version" "1.1.2"
  
  "component-emitter@1.2.1":
    "integrity" "sha1-E3kY1teCg/ffemt8WmPhQOaUJeY="
    "resolved" "https://registry.npmjs.org/component-emitter/-/component-emitter-1.2.1.tgz"
    "version" "1.2.1"
  
  "component-inherit@0.0.3":
    "integrity" "sha1-ZF/ErfWLcrZJ1crmUTVhnbJv8UM="
    "resolved" "https://registry.npmjs.org/component-inherit/-/component-inherit-0.0.3.tgz"
    "version" "0.0.3"
  
  "concat-map@0.0.1":
    "integrity" "sha1-2Klr13/Wjfd5OnMDajug1UBdR3s="
    "resolved" "https://registry.npmjs.org/concat-map/-/concat-map-0.0.1.tgz"
    "version" "0.0.1"
  
  "connect@^3.6.0":
    "integrity" "sha1-+43ee6B2OHfQ7J352sC0tA5yx9o="
    "resolved" "https://registry.npmjs.org/connect/-/connect-3.6.5.tgz"
    "version" "3.6.5"
    dependencies:
      "debug" "2.6.9"
      "finalhandler" "1.0.6"
      "parseurl" "~1.3.2"
      "utils-merge" "1.0.1"
  
  "content-type@~1.0.4":
    "integrity" "sha512-hIP3EEPs8tB9AT1L+NUqtwOAps4mk2Zob89MWXMHjHWg9milF/j4osnnQLXBCBFBk/tvIG/tUc9mOUJiPBhPXA=="
    "resolved" "https://registry.npmjs.org/content-type/-/content-type-1.0.4.tgz"
    "version" "1.0.4"
  
  "cookie@0.3.1":
    "integrity" "sha1-5+Ch+e9DtMi6klxcWpboBtFoc7s="
    "resolved" "https://registry.npmjs.org/cookie/-/cookie-0.3.1.tgz"
    "version" "0.3.1"
  
  "core-js@^2.2.0", "core-js@^2.4.0", "core-js@^2.5.3":
    "integrity" "sha1-isw4NFgk8W2DZbfJtCWRaOjtYD4="
    "resolved" "https://registry.npmjs.org/core-js/-/core-js-2.5.3.tgz"
    "version" "2.5.3"
  
  "core-util-is@~1.0.0", "core-util-is@1.0.2":
    "integrity" "sha1-tf1UIgqivFq1eqtxQMlAdUUDwac="
    "resolved" "https://registry.npmjs.org/core-util-is/-/core-util-is-1.0.2.tgz"
    "version" "1.0.2"
  
  "cryptiles@2.x.x":
    "integrity" "sha1-O9/s3GCBR8HGcgL6KR59ylnqo7g="
    "resolved" "https://registry.npmjs.org/cryptiles/-/cryptiles-2.0.5.tgz"
    "version" "2.0.5"
    dependencies:
      "boom" "2.x.x"
  
  "css-selector-tokenizer@^0.7.0":
    "integrity" "sha1-5piEdK6MlTR3v15+/s/OzNnPTIY="
    "resolved" "https://registry.npmjs.org/css-selector-tokenizer/-/css-selector-tokenizer-0.7.0.tgz"
    "version" "0.7.0"
    dependencies:
      "cssesc" "^0.1.0"
      "fastparse" "^1.1.1"
      "regexpu-core" "^1.0.0"
  
  "cssauron@^1.4.0":
    "integrity" "sha1-pmAt/34EqDBtwNuaVR6S6LVmKtg="
    "resolved" "https://registry.npmjs.org/cssauron/-/cssauron-1.4.0.tgz"
    "version" "1.4.0"
    dependencies:
      "through" "X.X.X"
  
  "cssesc@^0.1.0":
    "integrity" "sha1-yBSQPkViM3GgR3tAEJqq++6t27Q="
    "resolved" "https://registry.npmjs.org/cssesc/-/cssesc-0.1.0.tgz"
    "version" "0.1.0"
  
  "custom-event@~1.0.0":
    "integrity" "sha1-XQKkaFCt8bSjF5RqOSj8y1v9BCU="
    "resolved" "https://registry.npmjs.org/custom-event/-/custom-event-1.0.1.tgz"
    "version" "1.0.1"
  
  "dashdash@^1.12.0":
    "integrity" "sha1-hTz6D3y+L+1d4gMmuN1YEDX24vA="
    "resolved" "https://registry.npmjs.org/dashdash/-/dashdash-1.14.1.tgz"
    "version" "1.14.1"
    dependencies:
      "assert-plus" "^1.0.0"
  
  "debug@^2.6.8", "debug@2", "debug@2.6.9":
    "integrity" "sha512-bC7ElrdJaJnPbAP+1EotYvqZsb3ecl5wi6Bfi6BJTUcNowp6cvspg0jXznRTKDjm/E7AdgFBVeAPVMNcKGsHMA=="
    "resolved" "https://registry.npmjs.org/debug/-/debug-2.6.9.tgz"
    "version" "2.6.9"
    dependencies:
      "ms" "2.0.0"
  
  "debug@^3.1.0":
    "integrity" "sha512-OX8XqP7/1a9cqkxYw2yXss15f26NKWBpDXQd0/uK/KPqdQhxbPa994hnzjcE2VqQpDslf55723cKPUOGSmMY3g=="
    "resolved" "https://registry.npmjs.org/debug/-/debug-3.1.0.tgz"
    "version" "3.1.0"
    dependencies:
      "ms" "2.0.0"
  
  "debug@2.2.0":
    "integrity" "sha1-+HBX6ZWxofauaklgZkE3vFbwOdo="
    "resolved" "https://registry.npmjs.org/debug/-/debug-2.2.0.tgz"
    "version" "2.2.0"
    dependencies:
      "ms" "0.7.1"
  
  "debug@2.3.3":
    "integrity" "sha1-QMRT5n5uE8kB3ewxeviYbNqe/4w="
    "resolved" "https://registry.npmjs.org/debug/-/debug-2.3.3.tgz"
    "version" "2.3.3"
    dependencies:
      "ms" "0.7.2"
  
  "decamelize@^1.0.0":
    "integrity" "sha1-9lNNFRSCabIDUue+4m9QH5oZEpA="
    "resolved" "https://registry.npmjs.org/decamelize/-/decamelize-1.2.0.tgz"
    "version" "1.2.0"
  
  "default-require-extensions@^1.0.0":
    "integrity" "sha1-836hXT4T/9m0N9M+GnW1+5eHTLg="
    "resolved" "https://registry.npmjs.org/default-require-extensions/-/default-require-extensions-1.0.0.tgz"
    "version" "1.0.0"
    dependencies:
      "strip-bom" "^2.0.0"
  
  "del@^2.2.0":
    "integrity" "sha1-wSyYHQZ4RshLyvhiz/kw2Qf/0ag="
    "resolved" "https://registry.npmjs.org/del/-/del-2.2.2.tgz"
    "version" "2.2.2"
    dependencies:
      "globby" "^5.0.0"
      "is-path-cwd" "^1.0.0"
      "is-path-in-cwd" "^1.0.0"
      "object-assign" "^4.0.1"
      "pify" "^2.0.0"
      "pinkie-promise" "^2.0.0"
      "rimraf" "^2.2.8"
  
  "delayed-stream@~1.0.0":
    "integrity" "sha1-3zrhmayt+31ECqrgsp4icrJOxhk="
    "resolved" "https://registry.npmjs.org/delayed-stream/-/delayed-stream-1.0.0.tgz"
    "version" "1.0.0"
  
  "depd@~1.1.1", "depd@1.1.1":
    "integrity" "sha1-V4O04cRZ8G+lyif5kfPQbnoxA1k="
    "resolved" "https://registry.npmjs.org/depd/-/depd-1.1.1.tgz"
    "version" "1.1.1"
  
  "detect-indent@^4.0.0":
    "integrity" "sha1-920GQ1LN9Docts5hnE7jqUdd4gg="
    "resolved" "https://registry.npmjs.org/detect-indent/-/detect-indent-4.0.0.tgz"
    "version" "4.0.0"
    dependencies:
      "repeating" "^2.0.0"
  
  "di@^0.0.1":
    "integrity" "sha1-gGZJMmzqp8qjMG112YXqJ0i6kTw="
    "resolved" "https://registry.npmjs.org/di/-/di-0.0.1.tgz"
    "version" "0.0.1"
  
  "diff@^3.1.0", "diff@^3.2.0":
    "integrity" "sha512-QpVuMTEoJMF7cKzi6bvWhRulU1fZqZnvyVQgNhPaxxuTYwyjn/j1v9falseQ/uXWwPnO56RBfwtg4h/EQXmucA=="
    "resolved" "https://registry.npmjs.org/diff/-/diff-3.4.0.tgz"
    "version" "3.4.0"
  
  "dom-serialize@^2.2.0":
    "integrity" "sha1-ViromZ9Evl6jB29UGdzVnrQ6yVs="
    "resolved" "https://registry.npmjs.org/dom-serialize/-/dom-serialize-2.2.1.tgz"
    "version" "2.2.1"
    dependencies:
      "custom-event" "~1.0.0"
      "ent" "~2.2.0"
      "extend" "^3.0.0"
      "void-elements" "^2.0.0"
  
  "ecc-jsbn@~0.1.1":
    "integrity" "sha1-D8c6ntXw1Tw4GTOYUj735UN3dQU="
    "resolved" "https://registry.npmjs.org/ecc-jsbn/-/ecc-jsbn-0.1.1.tgz"
    "version" "0.1.1"
    dependencies:
      "jsbn" "~0.1.0"
  
  "ee-first@1.1.1":
    "integrity" "sha1-WQxhFWsK4vTwJVcyoViyZrxWsh0="
    "resolved" "https://registry.npmjs.org/ee-first/-/ee-first-1.1.1.tgz"
    "version" "1.1.1"
  
  "encodeurl@~1.0.1":
    "integrity" "sha1-eePVhlU0aQn+bw9Fpd5oEDspTSA="
    "resolved" "https://registry.npmjs.org/encodeurl/-/encodeurl-1.0.1.tgz"
    "version" "1.0.1"
  
  "engine.io-client@1.8.3":
    "integrity" "sha1-F5jtk0USRkU9TG9jXXogH+lA1as="
    "resolved" "https://registry.npmjs.org/engine.io-client/-/engine.io-client-1.8.3.tgz"
    "version" "1.8.3"
    dependencies:
      "component-emitter" "1.2.1"
      "component-inherit" "0.0.3"
      "debug" "2.3.3"
      "engine.io-parser" "1.3.2"
      "has-cors" "1.1.0"
      "indexof" "0.0.1"
      "parsejson" "0.0.3"
      "parseqs" "0.0.5"
      "parseuri" "0.0.5"
      "ws" "1.1.2"
      "xmlhttprequest-ssl" "1.5.3"
      "yeast" "0.1.2"
  
  "engine.io-parser@1.3.2":
    "integrity" "sha1-k3sHnwAH0Ik+xW1GyyILjLQ1Igo="
    "resolved" "https://registry.npmjs.org/engine.io-parser/-/engine.io-parser-1.3.2.tgz"
    "version" "1.3.2"
    dependencies:
      "after" "0.8.2"
      "arraybuffer.slice" "0.0.6"
      "base64-arraybuffer" "0.1.5"
      "blob" "0.0.4"
      "has-binary" "0.1.7"
      "wtf-8" "1.0.0"
  
  "engine.io@1.8.3":
    "integrity" "sha1-jef5eJXSDTm4X4ju7nd7K9QrE9Q="
    "resolved" "https://registry.npmjs.org/engine.io/-/engine.io-1.8.3.tgz"
    "version" "1.8.3"
    dependencies:
      "accepts" "1.3.3"
      "base64id" "1.0.0"
      "cookie" "0.3.1"
      "debug" "2.3.3"
      "engine.io-parser" "1.3.2"
      "ws" "1.1.2"
  
  "ent@~2.2.0":
    "integrity" "sha1-6WQhkyWiHQX0RGai9obtbOX13R0="
    "resolved" "https://registry.npmjs.org/ent/-/ent-2.2.0.tgz"
    "version" "2.2.0"
  
  "escape-html@~1.0.3":
    "integrity" "sha1-Aljq5NPQwJdN4cFpGI7wBR0dGYg="
    "resolved" "https://registry.npmjs.org/escape-html/-/escape-html-1.0.3.tgz"
    "version" "1.0.3"
  
  "escape-string-regexp@^1.0.2":
    "integrity" "sha1-G2HAViGQqN/2rjuyzwIAyhMLhtQ="
    "resolved" "https://registry.npmjs.org/escape-string-regexp/-/escape-string-regexp-1.0.5.tgz"
    "version" "1.0.5"
  
  "esprima@^4.0.0":
    "integrity" "sha512-oftTcaMu/EGrEIu904mWteKIv8vMuOgGYo7EhVJJN00R/EED9DCua/xxHRdYnKtcECzVg7xOWhflvJMnqcFZjw=="
    "resolved" "https://registry.npmjs.org/esprima/-/esprima-4.0.0.tgz"
    "version" "4.0.0"
  
  "esutils@^2.0.2":
    "integrity" "sha1-Cr9PHKpbyx96nYrMbepPqqBLrJs="
    "resolved" "https://registry.npmjs.org/esutils/-/esutils-2.0.2.tgz"
    "version" "2.0.2"
  
  "eventemitter3@1.x.x":
    "integrity" "sha1-HIaZHYFq0eUEdQ5zh0Ik7PO+xQg="
    "resolved" "https://registry.npmjs.org/eventemitter3/-/eventemitter3-1.2.0.tgz"
    "version" "1.2.0"
  
  "exit@^0.1.2":
    "integrity" "sha1-BjJjj42HfMghB9MKD/8aF8uhzQw="
    "resolved" "https://registry.npmjs.org/exit/-/exit-0.1.2.tgz"
    "version" "0.1.2"
  
  "expand-braces@^0.1.1":
    "integrity" "sha1-SIsdHSRRyz06axks/AMPRMWFX+o="
    "resolved" "https://registry.npmjs.org/expand-braces/-/expand-braces-0.1.2.tgz"
    "version" "0.1.2"
    dependencies:
      "array-slice" "^0.2.3"
      "array-unique" "^0.2.1"
      "braces" "^0.1.2"
  
  "expand-brackets@^0.1.4":
    "integrity" "sha1-3wcoTjQqgHzXM6xa9yQR5YHRF3s="
    "resolved" "https://registry.npmjs.org/expand-brackets/-/expand-brackets-0.1.5.tgz"
    "version" "0.1.5"
    dependencies:
      "is-posix-bracket" "^0.1.0"
  
  "expand-range@^0.1.0":
    "integrity" "sha1-TLjtoJk8pW+k9B/ELzy7TMrf8EQ="
    "resolved" "https://registry.npmjs.org/expand-range/-/expand-range-0.1.1.tgz"
    "version" "0.1.1"
    dependencies:
      "is-number" "^0.1.1"
      "repeat-string" "^0.2.2"
  
  "expand-range@^1.8.1":
    "integrity" "sha1-opnv/TNf4nIeuujiV+x5ZE/IUzc="
    "resolved" "https://registry.npmjs.org/expand-range/-/expand-range-1.8.2.tgz"
    "version" "1.8.2"
    dependencies:
      "fill-range" "^2.1.0"
  
  "extend@^3.0.0", "extend@~3.0.0", "extend@3":
    "integrity" "sha1-p1Xqe8Gt/MWjHOfnYtuq3F5jZEQ="
    "resolved" "https://registry.npmjs.org/extend/-/extend-3.0.1.tgz"
    "version" "3.0.1"
  
  "extglob@^0.3.1":
    "integrity" "sha1-Lhj/PS9JqydlzskCPwEdqo2DSaE="
    "resolved" "https://registry.npmjs.org/extglob/-/extglob-0.3.2.tgz"
    "version" "0.3.2"
    dependencies:
      "is-extglob" "^1.0.0"
  
  "extsprintf@^1.2.0", "extsprintf@1.3.0":
    "integrity" "sha1-lpGEQOMEGnpBT4xS48V06zw+HgU="
    "resolved" "https://registry.npmjs.org/extsprintf/-/extsprintf-1.3.0.tgz"
    "version" "1.3.0"
  
  "fastparse@^1.1.1":
    "integrity" "sha1-0eJkOzipTXWDtHkGDmxK/8lAcfg="
    "resolved" "https://registry.npmjs.org/fastparse/-/fastparse-1.1.1.tgz"
    "version" "1.1.1"
  
  "filename-regex@^2.0.0":
    "integrity" "sha1-wcS5vuPglyXdsQa3XB4wH+LxiyY="
    "resolved" "https://registry.npmjs.org/filename-regex/-/filename-regex-2.0.1.tgz"
    "version" "2.0.1"
  
  "fileset@^2.0.2":
    "integrity" "sha1-jnVIqW08wjJ+5eZ0FocjozO7oqA="
    "resolved" "https://registry.npmjs.org/fileset/-/fileset-2.0.3.tgz"
    "version" "2.0.3"
    dependencies:
      "glob" "^7.0.3"
      "minimatch" "^3.0.3"
  
  "fill-range@^2.1.0":
    "integrity" "sha1-ULd9/X5Gm8dJJHCWNpn+eoSFpyM="
    "resolved" "https://registry.npmjs.org/fill-range/-/fill-range-2.2.3.tgz"
    "version" "2.2.3"
    dependencies:
      "is-number" "^2.1.0"
      "isobject" "^2.0.0"
      "randomatic" "^1.1.3"
      "repeat-element" "^1.1.2"
      "repeat-string" "^1.5.2"
  
  "finalhandler@1.0.6":
    "integrity" "sha1-AHrqM9Gk0+QgF/YkhIrVjSEvgU8="
    "resolved" "https://registry.npmjs.org/finalhandler/-/finalhandler-1.0.6.tgz"
    "version" "1.0.6"
    dependencies:
      "debug" "2.6.9"
      "encodeurl" "~1.0.1"
      "escape-html" "~1.0.3"
      "on-finished" "~2.3.0"
      "parseurl" "~1.3.2"
      "statuses" "~1.3.1"
      "unpipe" "~1.0.0"
  
  "for-in@^1.0.1":
    "integrity" "sha1-gQaNKVqBQuwKxybG4iAMMPttXoA="
    "resolved" "https://registry.npmjs.org/for-in/-/for-in-1.0.2.tgz"
    "version" "1.0.2"
  
  "for-own@^0.1.4":
    "integrity" "sha1-UmXGgaTylNq78XyVCbZ2OqhFEM4="
    "resolved" "https://registry.npmjs.org/for-own/-/for-own-0.1.5.tgz"
    "version" "0.1.5"
    dependencies:
      "for-in" "^1.0.1"
  
  "forever-agent@~0.6.1":
    "integrity" "sha1-+8cfDEGt6zf5bFd60e1C2P2sypE="
    "resolved" "https://registry.npmjs.org/forever-agent/-/forever-agent-0.6.1.tgz"
    "version" "0.6.1"
  
  "form-data@~2.1.1":
    "integrity" "sha1-M8GDrPGTJ27KqYFDpp6Uv+4XUNE="
    "resolved" "https://registry.npmjs.org/form-data/-/form-data-2.1.4.tgz"
    "version" "2.1.4"
    dependencies:
      "asynckit" "^0.4.0"
      "combined-stream" "^1.0.5"
      "mime-types" "^2.1.12"
  
  "fs-access@^1.0.0":
    "integrity" "sha1-1qh/JiJxzv6+wwxVNAf7mV2od3o="
    "resolved" "https://registry.npmjs.org/fs-access/-/fs-access-1.0.1.tgz"
    "version" "1.0.1"
    dependencies:
      "null-check" "^1.0.0"
  
  "fs.realpath@^1.0.0":
    "integrity" "sha1-FQStJSMVjKpA20onh8sBQRmU6k8="
    "resolved" "https://registry.npmjs.org/fs.realpath/-/fs.realpath-1.0.0.tgz"
    "version" "1.0.0"
  
  "getpass@^0.1.1":
    "integrity" "sha1-Xv+OPmhNVprkyysSgmBOi6YhSfo="
    "resolved" "https://registry.npmjs.org/getpass/-/getpass-0.1.7.tgz"
    "version" "0.1.7"
    dependencies:
      "assert-plus" "^1.0.0"
  
  "glob-base@^0.3.0":
    "integrity" "sha1-27Fk9iIbHAscz4Kuoyi0l98Oo8Q="
    "resolved" "https://registry.npmjs.org/glob-base/-/glob-base-0.3.0.tgz"
    "version" "0.3.0"
    dependencies:
      "glob-parent" "^2.0.0"
      "is-glob" "^2.0.0"
  
  "glob-parent@^2.0.0":
    "integrity" "sha1-gTg9ctsFT8zPUzbaqQLxgvbtuyg="
    "resolved" "https://registry.npmjs.org/glob-parent/-/glob-parent-2.0.0.tgz"
    "version" "2.0.0"
    dependencies:
      "is-glob" "^2.0.0"
  
  "glob@^7.0.3", "glob@^7.0.5", "glob@^7.0.6", "glob@^7.1.1":
    "integrity" "sha512-MJTUg1kjuLeQCJ+ccE4Vpa6kKVXkPYJ2mOCQyUuKLcLQsdrMCpBPUi8qVE6+YuaJkozeA9NusTAw3hLr8Xe5EQ=="
    "resolved" "https://registry.npmjs.org/glob/-/glob-7.1.2.tgz"
    "version" "7.1.2"
    dependencies:
      "fs.realpath" "^1.0.0"
      "inflight" "^1.0.4"
      "inherits" "2"
      "minimatch" "^3.0.4"
      "once" "^1.3.0"
      "path-is-absolute" "^1.0.0"
  
  "globals@^9.18.0":
    "integrity" "sha512-S0nG3CLEQiY/ILxqtztTWH/3iRRdyBLw6KMDxnKMchrtbj2OFmehVh0WUCfW3DUrIgx/qFrJPICrq4Z4sTR9UQ=="
    "resolved" "https://registry.npmjs.org/globals/-/globals-9.18.0.tgz"
    "version" "9.18.0"
  
  "globby@^5.0.0":
    "integrity" "sha1-69hGZ8oNuzMLmbz8aOrCvFQ3Dg0="
    "resolved" "https://registry.npmjs.org/globby/-/globby-5.0.0.tgz"
    "version" "5.0.0"
    dependencies:
      "array-union" "^1.0.1"
      "arrify" "^1.0.0"
      "glob" "^7.0.3"
      "object-assign" "^4.0.1"
      "pify" "^2.0.0"
      "pinkie-promise" "^2.0.0"
  
  "graceful-fs@^4.1.2":
    "integrity" "sha1-Dovf5NHduIVNZOBOp8AOKgJuVlg="
    "resolved" "https://registry.npmjs.org/graceful-fs/-/graceful-fs-4.1.11.tgz"
    "version" "4.1.11"
  
  "hammerjs@2.0.8":
    "integrity" "sha1-BO93hiz/K7edMPdpIJWTAiK/YPE="
    "resolved" "https://registry.npmjs.org/hammerjs/-/hammerjs-2.0.8.tgz"
    "version" "2.0.8"
  
  "handlebars@^4.0.3":
    "integrity" "sha1-Ywo13+ApS8KB7a5v/F0yn8eYLcw="
    "resolved" "https://registry.npmjs.org/handlebars/-/handlebars-4.0.11.tgz"
    "version" "4.0.11"
    dependencies:
      "async" "^1.4.0"
      "optimist" "^0.6.1"
      "source-map" "^0.4.4"
    optionalDependencies:
      "uglify-js" "^2.6"
  
  "har-schema@^1.0.5":
    "integrity" "sha1-0mMTX0MwfALGAq/I/pWXDAFRNp4="
    "resolved" "https://registry.npmjs.org/har-schema/-/har-schema-1.0.5.tgz"
    "version" "1.0.5"
  
  "har-validator@~4.2.1":
    "integrity" "sha1-M0gdDxu/9gDdID11gSpqX7oALio="
    "resolved" "https://registry.npmjs.org/har-validator/-/har-validator-4.2.1.tgz"
    "version" "4.2.1"
    dependencies:
      "ajv" "^4.9.1"
      "har-schema" "^1.0.5"
  
  "has-ansi@^2.0.0":
    "integrity" "sha1-NPUEnOHs3ysGSa8+8k5F7TVBbZE="
    "resolved" "https://registry.npmjs.org/has-ansi/-/has-ansi-2.0.0.tgz"
    "version" "2.0.0"
    dependencies:
      "ansi-regex" "^2.0.0"
  
  "has-binary@0.1.7":
    "integrity" "sha1-aOYesWIQyVRaClzOBqhzkS/h5ow="
    "resolved" "https://registry.npmjs.org/has-binary/-/has-binary-0.1.7.tgz"
    "version" "0.1.7"
    dependencies:
      "isarray" "0.0.1"
  
  "has-cors@1.1.0":
    "integrity" "sha1-XkdHk/fqmEPRu5nCPu9J/xJv/zk="
    "resolved" "https://registry.npmjs.org/has-cors/-/has-cors-1.1.0.tgz"
    "version" "1.1.0"
  
  "has-flag@^1.0.0":
    "integrity" "sha1-nZ55MWXOAXoA8AQYxD+UKnsdEfo="
    "resolved" "https://registry.npmjs.org/has-flag/-/has-flag-1.0.0.tgz"
    "version" "1.0.0"
  
  "hawk@~3.1.3":
    "integrity" "sha1-B4REvXwWQLD+VA0sm3PVlnjo4cQ="
    "resolved" "https://registry.npmjs.org/hawk/-/hawk-3.1.3.tgz"
    "version" "3.1.3"
    dependencies:
      "boom" "2.x.x"
      "cryptiles" "2.x.x"
      "hoek" "2.x.x"
      "sntp" "1.x.x"
  
  "hoek@2.x.x":
    "integrity" "sha1-ILt0A9POo5jpHcRxCo/xuCdKJe0="
    "resolved" "https://registry.npmjs.org/hoek/-/hoek-2.16.3.tgz"
    "version" "2.16.3"
  
  "http-errors@~1.6.2", "http-errors@1.6.2":
    "integrity" "sha1-CgAsyFcHGSp+eUbO7cERVfYOxzY="
    "resolved" "https://registry.npmjs.org/http-errors/-/http-errors-1.6.2.tgz"
    "version" "1.6.2"
    dependencies:
      "depd" "1.1.1"
      "inherits" "2.0.3"
      "setprototypeof" "1.0.3"
      "statuses" ">= 1.3.1 < 2"
  
  "http-proxy@^1.13.0":
    "integrity" "sha1-Bt/ykpUr9k2+hHH6nfcwZtTzd0I="
    "resolved" "https://registry.npmjs.org/http-proxy/-/http-proxy-1.16.2.tgz"
    "version" "1.16.2"
    dependencies:
      "eventemitter3" "1.x.x"
      "requires-port" "1.x.x"
  
  "http-signature@~1.1.0":
    "integrity" "sha1-33LiZwZs0Kxn+3at+OE0qPvPkb8="
    "resolved" "https://registry.npmjs.org/http-signature/-/http-signature-1.1.1.tgz"
    "version" "1.1.1"
    dependencies:
      "assert-plus" "^0.2.0"
      "jsprim" "^1.2.2"
      "sshpk" "^1.7.0"
  
  "https-proxy-agent@^1.0.0":
    "integrity" "sha1-NffabEjOTdv6JkiRrFk+5f+GceY="
    "resolved" "https://registry.npmjs.org/https-proxy-agent/-/https-proxy-agent-1.0.0.tgz"
    "version" "1.0.0"
    dependencies:
      "agent-base" "2"
      "debug" "2"
      "extend" "3"
  
  "iconv-lite@0.4.19":
    "integrity" "sha512-oTZqweIP51xaGPI4uPa56/Pri/480R+mo7SeU+YETByQNhDG55ycFyNLIgta9vXhILrxXDmF7ZGhqZIcuN0gJQ=="
    "resolved" "https://registry.npmjs.org/iconv-lite/-/iconv-lite-0.4.19.tgz"
    "version" "0.4.19"
  
  "indexof@0.0.1":
    "integrity" "sha1-gtwzbSMrkGIXnQWrMpOmYFn9Q10="
    "resolved" "https://registry.npmjs.org/indexof/-/indexof-0.0.1.tgz"
    "version" "0.0.1"
  
  "inflight@^1.0.4":
    "integrity" "sha1-Sb1jMdfQLQwJvJEKEHW6gWW1bfk="
    "resolved" "https://registry.npmjs.org/inflight/-/inflight-1.0.6.tgz"
    "version" "1.0.6"
    dependencies:
      "once" "^1.3.0"
      "wrappy" "1"
  
  "inherits@^2.0.1", "inherits@~2.0.1", "inherits@~2.0.3", "inherits@2", "inherits@2.0.3":
    "integrity" "sha1-Yzwsg+PaQqUC9SRmAiSA9CCCYd4="
    "resolved" "https://registry.npmjs.org/inherits/-/inherits-2.0.3.tgz"
    "version" "2.0.3"
  
  "ini@^1.3.4":
    "integrity" "sha512-RZY5huIKCMRWDUqZlEi72f/lmXKMvuszcMBduliQ3nnWbx9X/ZBQO7DijMEYS9EhHBb2qacRUMtC7svLwe0lcw=="
    "resolved" "https://registry.npmjs.org/ini/-/ini-1.3.5.tgz"
    "version" "1.3.5"
  
  "invariant@^2.2.2":
    "integrity" "sha1-nh9WrArNtr8wMwbzOL47IErmA2A="
    "resolved" "https://registry.npmjs.org/invariant/-/invariant-2.2.2.tgz"
    "version" "2.2.2"
    dependencies:
      "loose-envify" "^1.0.0"
  
  "is-binary-path@^1.0.0":
    "integrity" "sha1-dfFmQrSA8YenEcgUFh/TpKdlWJg="
    "resolved" "https://registry.npmjs.org/is-binary-path/-/is-binary-path-1.0.1.tgz"
    "version" "1.0.1"
    dependencies:
      "binary-extensions" "^1.0.0"
  
  "is-buffer@^1.1.5":
    "integrity" "sha512-NcdALwpXkTm5Zvvbk7owOUSvVvBKDgKP5/ewfXEznmQFfs4ZRmanOeKBTjRVjka3QFoN6XJ+9F3USqfHqTaU5w=="
    "resolved" "https://registry.npmjs.org/is-buffer/-/is-buffer-1.1.6.tgz"
    "version" "1.1.6"
  
  "is-dotfile@^1.0.0":
    "integrity" "sha1-pqLzL/0t+wT1yiXs0Pa4PPeYoeE="
    "resolved" "https://registry.npmjs.org/is-dotfile/-/is-dotfile-1.0.3.tgz"
    "version" "1.0.3"
  
  "is-equal-shallow@^0.1.3":
    "integrity" "sha1-IjgJj8Ih3gvPpdnqxMRdY4qhxTQ="
    "resolved" "https://registry.npmjs.org/is-equal-shallow/-/is-equal-shallow-0.1.3.tgz"
    "version" "0.1.3"
    dependencies:
      "is-primitive" "^2.0.0"
  
  "is-extendable@^0.1.1":
    "integrity" "sha1-YrEQ4omkcUGOPsNqYX1HLjAd/Ik="
    "resolved" "https://registry.npmjs.org/is-extendable/-/is-extendable-0.1.1.tgz"
    "version" "0.1.1"
  
  "is-extglob@^1.0.0":
    "integrity" "sha1-rEaBd8SUNAWgkvyPKXYMb/xiBsA="
    "resolved" "https://registry.npmjs.org/is-extglob/-/is-extglob-1.0.0.tgz"
    "version" "1.0.0"
  
  "is-finite@^1.0.0":
    "integrity" "sha1-zGZ3aVYCvlUO8R6LSqYwU0K20Ko="
    "resolved" "https://registry.npmjs.org/is-finite/-/is-finite-1.0.2.tgz"
    "version" "1.0.2"
    dependencies:
      "number-is-nan" "^1.0.0"
  
  "is-glob@^2.0.0", "is-glob@^2.0.1":
    "integrity" "sha1-0Jb5JqPe1WAPP9/ZEZjLCIjC2GM="
    "resolved" "https://registry.npmjs.org/is-glob/-/is-glob-2.0.1.tgz"
    "version" "2.0.1"
    dependencies:
      "is-extglob" "^1.0.0"
  
  "is-number@^0.1.1":
    "integrity" "sha1-aaevEWlj1HIG7JvZtIoUIW8eOAY="
    "resolved" "https://registry.npmjs.org/is-number/-/is-number-0.1.1.tgz"
    "version" "0.1.1"
  
  "is-number@^2.1.0":
    "integrity" "sha1-Afy7s5NGOlSPL0ZszhbezknbkI8="
    "resolved" "https://registry.npmjs.org/is-number/-/is-number-2.1.0.tgz"
    "version" "2.1.0"
    dependencies:
      "kind-of" "^3.0.2"
  
  "is-number@^3.0.0":
    "integrity" "sha1-JP1iAaR4LPUFYcgQJ2r8fRLXEZU="
    "resolved" "https://registry.npmjs.org/is-number/-/is-number-3.0.0.tgz"
    "version" "3.0.0"
    dependencies:
      "kind-of" "^3.0.2"
  
  "is-path-cwd@^1.0.0":
    "integrity" "sha1-0iXsIxMuie3Tj9p2dHLmLmXxEG0="
    "resolved" "https://registry.npmjs.org/is-path-cwd/-/is-path-cwd-1.0.0.tgz"
    "version" "1.0.0"
  
  "is-path-in-cwd@^1.0.0":
    "integrity" "sha1-ZHdYK4IU1gI0YJRWcAO+ip6sBNw="
    "resolved" "https://registry.npmjs.org/is-path-in-cwd/-/is-path-in-cwd-1.0.0.tgz"
    "version" "1.0.0"
    dependencies:
      "is-path-inside" "^1.0.0"
  
  "is-path-inside@^1.0.0":
    "integrity" "sha1-jvW33lBDej/cprToZe96pVy0gDY="
    "resolved" "https://registry.npmjs.org/is-path-inside/-/is-path-inside-1.0.1.tgz"
    "version" "1.0.1"
    dependencies:
      "path-is-inside" "^1.0.1"
  
  "is-posix-bracket@^0.1.0":
    "integrity" "sha1-MzTceXdDaOkvAW5vvAqI9c1ua8Q="
    "resolved" "https://registry.npmjs.org/is-posix-bracket/-/is-posix-bracket-0.1.1.tgz"
    "version" "0.1.1"
  
  "is-primitive@^2.0.0":
    "integrity" "sha1-IHurkWOEmcB7Kt8kCkGochADRXU="
    "resolved" "https://registry.npmjs.org/is-primitive/-/is-primitive-2.0.0.tgz"
    "version" "2.0.0"
  
  "is-typedarray@~1.0.0":
    "integrity" "sha1-5HnICFjfDBsR3dppQPlgEfzaSpo="
    "resolved" "https://registry.npmjs.org/is-typedarray/-/is-typedarray-1.0.0.tgz"
    "version" "1.0.0"
  
  "is-utf8@^0.2.0":
    "integrity" "sha1-Sw2hRCEE0bM2NA6AeX6GXPOffXI="
    "resolved" "https://registry.npmjs.org/is-utf8/-/is-utf8-0.2.1.tgz"
    "version" "0.2.1"
  
  "isarray@~1.0.0":
    "integrity" "sha1-u5NdSFgsuhaMBoNJV6VKPgcSTxE="
    "resolved" "https://registry.npmjs.org/isarray/-/isarray-1.0.0.tgz"
    "version" "1.0.0"
  
  "isarray@0.0.1":
    "integrity" "sha1-ihis/Kmo9Bd+Cav8YDiTmwXR7t8="
    "resolved" "https://registry.npmjs.org/isarray/-/isarray-0.0.1.tgz"
    "version" "0.0.1"
  
  "isarray@1.0.0":
    "integrity" "sha1-u5NdSFgsuhaMBoNJV6VKPgcSTxE="
    "resolved" "https://registry.npmjs.org/isarray/-/isarray-1.0.0.tgz"
    "version" "1.0.0"
  
  "isbinaryfile@^3.0.0":
    "integrity" "sha1-Sj6XTsDLqQBNP8bN5yCeppNopiE="
    "resolved" "https://registry.npmjs.org/isbinaryfile/-/isbinaryfile-3.0.2.tgz"
    "version" "3.0.2"
  
  "isexe@^2.0.0":
    "integrity" "sha1-6PvzdNxVb/iUehDcsFctYz8s+hA="
    "resolved" "https://registry.npmjs.org/isexe/-/isexe-2.0.0.tgz"
    "version" "2.0.0"
  
  "isobject@^2.0.0":
    "integrity" "sha1-8GVWEJaj8dou9GJy+BXIQNh+DIk="
    "resolved" "https://registry.npmjs.org/isobject/-/isobject-2.1.0.tgz"
    "version" "2.1.0"
    dependencies:
      "isarray" "1.0.0"
  
  "isstream@~0.1.2":
    "integrity" "sha1-R+Y/evVa+m+S4VAOaQ64uFKcCZo="
    "resolved" "https://registry.npmjs.org/isstream/-/isstream-0.1.2.tgz"
    "version" "0.1.2"
  
  "istanbul-api@^1.1.14":
    "integrity" "sha512-oFCwXvd65amgaPCzqrR+a2XjanS1MvpXN6l/MlMUTv6uiA1NOgGX+I0uyq8Lg3GDxsxPsaP1049krz3hIJ5+KA=="
    "resolved" "https://registry.npmjs.org/istanbul-api/-/istanbul-api-1.2.1.tgz"
    "version" "1.2.1"
    dependencies:
      "async" "^2.1.4"
      "fileset" "^2.0.2"
      "istanbul-lib-coverage" "^1.1.1"
      "istanbul-lib-hook" "^1.1.0"
      "istanbul-lib-instrument" "^1.9.1"
      "istanbul-lib-report" "^1.1.2"
      "istanbul-lib-source-maps" "^1.2.2"
      "istanbul-reports" "^1.1.3"
      "js-yaml" "^3.7.0"
      "mkdirp" "^0.5.1"
      "once" "^1.4.0"
  
  "istanbul-lib-coverage@^1.1.1":
    "integrity" "sha512-0+1vDkmzxqJIn5rcoEqapSB4DmPxE31EtI2dF2aCkV5esN9EWHxZ0dwgDClivMXJqE7zaYQxq30hj5L0nlTN5Q=="
    "resolved" "https://registry.npmjs.org/istanbul-lib-coverage/-/istanbul-lib-coverage-1.1.1.tgz"
    "version" "1.1.1"
  
  "istanbul-lib-hook@^1.1.0":
    "integrity" "sha512-U3qEgwVDUerZ0bt8cfl3dSP3S6opBoOtk3ROO5f2EfBr/SRiD9FQqzwaZBqFORu8W7O0EXpai+k7kxHK13beRg=="
    "resolved" "https://registry.npmjs.org/istanbul-lib-hook/-/istanbul-lib-hook-1.1.0.tgz"
    "version" "1.1.0"
    dependencies:
      "append-transform" "^0.4.0"
  
  "istanbul-lib-instrument@^1.9.1":
    "integrity" "sha512-RQmXeQ7sphar7k7O1wTNzVczF9igKpaeGQAG9qR2L+BS4DCJNTI9nytRmIVYevwO0bbq+2CXvJmYDuz0gMrywA=="
    "resolved" "https://registry.npmjs.org/istanbul-lib-instrument/-/istanbul-lib-instrument-1.9.1.tgz"
    "version" "1.9.1"
    dependencies:
      "babel-generator" "^6.18.0"
      "babel-template" "^6.16.0"
      "babel-traverse" "^6.18.0"
      "babel-types" "^6.18.0"
      "babylon" "^6.18.0"
      "istanbul-lib-coverage" "^1.1.1"
      "semver" "^5.3.0"
  
  "istanbul-lib-report@^1.1.2":
    "integrity" "sha512-UTv4VGx+HZivJQwAo1wnRwe1KTvFpfi/NYwN7DcsrdzMXwpRT/Yb6r4SBPoHWj4VuQPakR32g4PUUeyKkdDkBA=="
    "resolved" "https://registry.npmjs.org/istanbul-lib-report/-/istanbul-lib-report-1.1.2.tgz"
    "version" "1.1.2"
    dependencies:
      "istanbul-lib-coverage" "^1.1.1"
      "mkdirp" "^0.5.1"
      "path-parse" "^1.0.5"
      "supports-color" "^3.1.2"
  
  "istanbul-lib-source-maps@^1.2.2":
    "integrity" "sha512-8BfdqSfEdtip7/wo1RnrvLpHVEd8zMZEDmOFEnpC6dg0vXflHt9nvoAyQUzig2uMSXfF2OBEYBV3CVjIL9JvaQ=="
    "resolved" "https://registry.npmjs.org/istanbul-lib-source-maps/-/istanbul-lib-source-maps-1.2.2.tgz"
    "version" "1.2.2"
    dependencies:
      "debug" "^3.1.0"
      "istanbul-lib-coverage" "^1.1.1"
      "mkdirp" "^0.5.1"
      "rimraf" "^2.6.1"
      "source-map" "^0.5.3"
  
  "istanbul-reports@^1.1.3":
    "integrity" "sha512-ZEelkHh8hrZNI5xDaKwPMFwDsUf5wIEI2bXAFGp1e6deR2mnEKBPhLJEgr4ZBt8Gi6Mj38E/C8kcy9XLggVO2Q=="
    "resolved" "https://registry.npmjs.org/istanbul-reports/-/istanbul-reports-1.1.3.tgz"
    "version" "1.1.3"
    dependencies:
      "handlebars" "^4.0.3"
  
  "jasmine-core@*", "jasmine-core@~2.6.2":
    "integrity" "sha1-3skmzQqfoof7bbXHVfpIfnTOysU="
    "resolved" "https://registry.npmjs.org/jasmine-core/-/jasmine-core-2.6.4.tgz"
    "version" "2.6.4"
  
  "jasmine-core@~2.8.0":
    "integrity" "sha1-vMl5rh+f0FcB5F5S5l06XWPxok4="
    "resolved" "https://registry.npmjs.org/jasmine-core/-/jasmine-core-2.8.0.tgz"
    "version" "2.8.0"
  
  "jasmine-spec-reporter@~4.1.0":
    "integrity" "sha1-Wm1Yq11hvqcwn7wnkjlRF1axtYg="
    "resolved" "https://registry.npmjs.org/jasmine-spec-reporter/-/jasmine-spec-reporter-4.1.1.tgz"
    "version" "4.1.1"
    dependencies:
      "colors" "1.1.2"
  
  "jasmine@^2.5.3":
    "integrity" "sha1-awicChFXax8W3xG4AUbZHU6Lij4="
    "resolved" "https://registry.npmjs.org/jasmine/-/jasmine-2.8.0.tgz"
    "version" "2.8.0"
    dependencies:
      "exit" "^0.1.2"
      "glob" "^7.0.6"
      "jasmine-core" "~2.8.0"
  
  "jasminewd2@^2.1.0":
    "integrity" "sha1-43zwsX8ZnM4jvqcbIDk5Uka07E4="
    "resolved" "https://registry.npmjs.org/jasminewd2/-/jasminewd2-2.2.0.tgz"
    "version" "2.2.0"
  
  "js-tokens@^3.0.0", "js-tokens@^3.0.2":
    "integrity" "sha1-mGbfOVECEw449/mWvOtlRDIJwls="
    "resolved" "https://registry.npmjs.org/js-tokens/-/js-tokens-3.0.2.tgz"
    "version" "3.0.2"
  
  "js-yaml@^3.7.0":
    "integrity" "sha512-O2v52ffjLa9VeM43J4XocZE//WT9N0IiwDa3KSHH7Tu8CtH+1qM8SIZvnsTh6v+4yFy5KUY3BHUVwjpfAWsjIA=="
    "resolved" "https://registry.npmjs.org/js-yaml/-/js-yaml-3.10.0.tgz"
    "version" "3.10.0"
    dependencies:
      "argparse" "^1.0.7"
      "esprima" "^4.0.0"
  
  "jsbn@~0.1.0":
    "integrity" "sha1-peZUwuWi3rXyAdls77yoDA7y9RM="
    "resolved" "https://registry.npmjs.org/jsbn/-/jsbn-0.1.1.tgz"
    "version" "0.1.1"
  
  "jsesc@^1.3.0":
    "integrity" "sha1-RsP+yMGJKxKwgz25vHYiF226s0s="
    "resolved" "https://registry.npmjs.org/jsesc/-/jsesc-1.3.0.tgz"
    "version" "1.3.0"
  
  "jsesc@~0.5.0":
    "integrity" "sha1-597mbjXW/Bb3EP6R1c9p9w8IkR0="
    "resolved" "https://registry.npmjs.org/jsesc/-/jsesc-0.5.0.tgz"
    "version" "0.5.0"
  
  "json-schema@0.2.3":
    "integrity" "sha1-tIDIkuWaLwWVTOcnvT8qTogvnhM="
    "resolved" "https://registry.npmjs.org/json-schema/-/json-schema-0.2.3.tgz"
    "version" "0.2.3"
  
  "json-stable-stringify@^1.0.1":
    "integrity" "sha1-mnWdOcXy/1A/1TAGRu1EX4jE+a8="
    "resolved" "https://registry.npmjs.org/json-stable-stringify/-/json-stable-stringify-1.0.1.tgz"
    "version" "1.0.1"
    dependencies:
      "jsonify" "~0.0.0"
  
  "json-stringify-safe@~5.0.1":
    "integrity" "sha1-Epai1Y/UXxmg9s4B1lcB4sc1tus="
    "resolved" "https://registry.npmjs.org/json-stringify-safe/-/json-stringify-safe-5.0.1.tgz"
    "version" "5.0.1"
  
  "json3@3.3.2":
    "integrity" "sha1-PAQ0dD35Pi9cQq7nsZvLSDV19OE="
    "resolved" "https://registry.npmjs.org/json3/-/json3-3.3.2.tgz"
    "version" "3.3.2"
  
  "jsonify@~0.0.0":
    "integrity" "sha1-LHS27kHZPKUbe1qu6PUDYx0lKnM="
    "resolved" "https://registry.npmjs.org/jsonify/-/jsonify-0.0.0.tgz"
    "version" "0.0.0"
  
  "jsprim@^1.2.2":
    "integrity" "sha1-MT5mvB5cwG5Di8G3SZwuXFastqI="
    "resolved" "https://registry.npmjs.org/jsprim/-/jsprim-1.4.1.tgz"
    "version" "1.4.1"
    dependencies:
      "assert-plus" "1.0.0"
      "extsprintf" "1.3.0"
      "json-schema" "0.2.3"
      "verror" "1.10.0"
  
  "karma-chrome-launcher@~2.1.1":
    "integrity" "sha1-IWh5xorATY1RQOmWGboEtZr9Rs8="
    "resolved" "https://registry.npmjs.org/karma-chrome-launcher/-/karma-chrome-launcher-2.1.1.tgz"
    "version" "2.1.1"
    dependencies:
      "fs-access" "^1.0.0"
      "which" "^1.2.1"
  
  "karma-cli@~1.0.1":
    "integrity" "sha1-rmw8WKMTodALRRZMRVubhs4X+WA="
    "resolved" "https://registry.npmjs.org/karma-cli/-/karma-cli-1.0.1.tgz"
    "version" "1.0.1"
    dependencies:
      "resolve" "^1.1.6"
  
  "karma-coverage-istanbul-reporter@^1.2.1":
    "integrity" "sha512-MFkB6bh11J8nKygUdqyHb9sMz17XoBRYR4tiNxnSpi/UtDk0wk8eRGa0jRSJaILgCl4xyq1TL6Jidww1OWly/Q=="
    "resolved" "https://registry.npmjs.org/karma-coverage-istanbul-reporter/-/karma-coverage-istanbul-reporter-1.3.3.tgz"
    "version" "1.3.3"
    dependencies:
      "istanbul-api" "^1.1.14"
      "minimatch" "^3.0.4"
  
  "karma-jasmine-html-reporter@^0.2.2":
    "integrity" "sha1-SKjl7xiAdhfuK14zwRlMNbQ5Ukw="
    "resolved" "https://registry.npmjs.org/karma-jasmine-html-reporter/-/karma-jasmine-html-reporter-0.2.2.tgz"
    "version" "0.2.2"
    dependencies:
      "karma-jasmine" "^1.0.2"
  
  "karma-jasmine@^1.0.2", "karma-jasmine@~1.1.0":
    "integrity" "sha1-b+hA51oRYAydkehLM8RY4cRqNSk="
    "resolved" "https://registry.npmjs.org/karma-jasmine/-/karma-jasmine-1.1.1.tgz"
    "version" "1.1.1"
  
  "karma@*", "karma@>=0.9", "karma@~1.7.0":
    "integrity" "sha512-k5pBjHDhmkdaUccnC7gE3mBzZjcxyxYsYVaqiL2G5AqlfLyBO5nw2VdNK+O16cveEPd/gIOWULH7gkiYYwVNHg=="
    "resolved" "https://registry.npmjs.org/karma/-/karma-1.7.1.tgz"
    "version" "1.7.1"
    dependencies:
      "bluebird" "^3.3.0"
      "body-parser" "^1.16.1"
      "chokidar" "^1.4.1"
      "colors" "^1.1.0"
      "combine-lists" "^1.0.0"
      "connect" "^3.6.0"
      "core-js" "^2.2.0"
      "di" "^0.0.1"
      "dom-serialize" "^2.2.0"
      "expand-braces" "^0.1.1"
      "glob" "^7.1.1"
      "graceful-fs" "^4.1.2"
      "http-proxy" "^1.13.0"
      "isbinaryfile" "^3.0.0"
      "lodash" "^3.8.0"
      "log4js" "^0.6.31"
      "mime" "^1.3.4"
      "minimatch" "^3.0.2"
      "optimist" "^0.6.1"
      "qjobs" "^1.1.4"
      "range-parser" "^1.2.0"
      "rimraf" "^2.6.0"
      "safe-buffer" "^5.0.1"
      "socket.io" "1.7.3"
      "source-map" "^0.5.3"
      "tmp" "0.0.31"
      "useragent" "^2.1.12"
  
  "kind-of@^3.0.2":
    "integrity" "sha1-MeohpzS6ubuw8yRm2JOupR5KPGQ="
    "resolved" "https://registry.npmjs.org/kind-of/-/kind-of-3.2.2.tgz"
    "version" "3.2.2"
    dependencies:
      "is-buffer" "^1.1.5"
  
  "kind-of@^4.0.0":
    "integrity" "sha1-IIE989cSkosgc3hpGkUGb65y3Vc="
    "resolved" "https://registry.npmjs.org/kind-of/-/kind-of-4.0.0.tgz"
    "version" "4.0.0"
    dependencies:
      "is-buffer" "^1.1.5"
  
  "lazy-cache@^1.0.3":
    "integrity" "sha1-odePw6UEdMuAhF07O24dpJpEbo4="
    "resolved" "https://registry.npmjs.org/lazy-cache/-/lazy-cache-1.0.4.tgz"
    "version" "1.0.4"
  
  "lodash@^3.8.0":
    "integrity" "sha1-W/Rejkm6QYnhfUgnid/RW9FAt7Y="
    "resolved" "https://registry.npmjs.org/lodash/-/lodash-3.10.1.tgz"
    "version" "3.10.1"
  
  "lodash@^4.14.0", "lodash@^4.17.4", "lodash@^4.5.0":
    "integrity" "sha1-eCA6TRwyiuHYbcpkYONptX9AVa4="
    "resolved" "https://registry.npmjs.org/lodash/-/lodash-4.17.4.tgz"
    "version" "4.17.4"
  
  "log4js@^0.6.31":
    "integrity" "sha1-LElBFmldb7JUgJQ9P8hy5mKlIv0="
    "resolved" "https://registry.npmjs.org/log4js/-/log4js-0.6.38.tgz"
    "version" "0.6.38"
    dependencies:
      "readable-stream" "~1.0.2"
      "semver" "~4.3.3"
  
  "longest@^1.0.1":
    "integrity" "sha1-MKCy2jj3N3DoKUoNIuZiXtd9AJc="
    "resolved" "https://registry.npmjs.org/longest/-/longest-1.0.1.tgz"
    "version" "1.0.1"
  
  "loose-envify@^1.0.0":
    "integrity" "sha1-0aitM/qc4OcT1l/dCsi3SNR4yEg="
    "resolved" "https://registry.npmjs.org/loose-envify/-/loose-envify-1.3.1.tgz"
    "version" "1.3.1"
    dependencies:
      "js-tokens" "^3.0.0"
  
  "lru-cache@2.2.x":
    "integrity" "sha1-bGWGGb7PFAMdDQtZSxYELOTcBj0="
    "resolved" "https://registry.npmjs.org/lru-cache/-/lru-cache-2.2.4.tgz"
    "version" "2.2.4"
  
  "make-error@^1.1.1":
    "integrity" "sha512-l9ra35l5VWLF24y75Tg8XgfGLX0ueRhph118WKM6H5denx4bB5QF59+4UAm9oJ2qsPQZas/CQUDdtDdfvYHBdQ=="
    "resolved" "https://registry.npmjs.org/make-error/-/make-error-1.3.2.tgz"
    "version" "1.3.2"
  
  "media-typer@0.3.0":
    "integrity" "sha1-hxDXrwqmJvj/+hzgAWhUUmMlV0g="
    "resolved" "https://registry.npmjs.org/media-typer/-/media-typer-0.3.0.tgz"
    "version" "0.3.0"
  
  "micromatch@^2.1.5":
    "integrity" "sha1-hmd8l9FyCzY0MdBNDRUpO9OMFWU="
    "resolved" "https://registry.npmjs.org/micromatch/-/micromatch-2.3.11.tgz"
    "version" "2.3.11"
    dependencies:
      "arr-diff" "^2.0.0"
      "array-unique" "^0.2.1"
      "braces" "^1.8.2"
      "expand-brackets" "^0.1.4"
      "extglob" "^0.3.1"
      "filename-regex" "^2.0.0"
      "is-extglob" "^1.0.0"
      "is-glob" "^2.0.1"
      "kind-of" "^3.0.2"
      "normalize-path" "^2.0.1"
      "object.omit" "^2.0.0"
      "parse-glob" "^3.0.4"
      "regex-cache" "^0.4.2"
  
  "mime-db@~1.30.0":
    "integrity" "sha1-dMZD2i3Z1qRTmZY0ZbJtXKfXHwE="
    "resolved" "https://registry.npmjs.org/mime-db/-/mime-db-1.30.0.tgz"
    "version" "1.30.0"
  
  "mime-types@^2.1.12", "mime-types@~2.1.11", "mime-types@~2.1.15", "mime-types@~2.1.7":
    "integrity" "sha1-Cdejk/A+mVp5+K+Fe3Cp4KsWVXo="
    "resolved" "https://registry.npmjs.org/mime-types/-/mime-types-2.1.17.tgz"
    "version" "2.1.17"
    dependencies:
      "mime-db" "~1.30.0"
  
  "mime@^1.3.4":
    "integrity" "sha512-x0Vn8spI+wuJ1O6S7gnbaQg8Pxh4NNHb7KSINmEWKiPE4RKOplvijn+NkmYmmRgP68mc70j2EbeTFRsrswaQeg=="
    "resolved" "https://registry.npmjs.org/mime/-/mime-1.6.0.tgz"
    "version" "1.6.0"
  
  "minimatch@^3.0.2", "minimatch@^3.0.3", "minimatch@^3.0.4":
    "integrity" "sha512-yJHVQEhyqPLUTgt9B83PXu6W3rx4MvvHvSUvToogpwoGDOUQ+yDrR0HRot+yOCdCO7u4hX3pWft6kWBBcqh0UA=="
    "resolved" "https://registry.npmjs.org/minimatch/-/minimatch-3.0.4.tgz"
    "version" "3.0.4"
    dependencies:
      "brace-expansion" "^1.1.7"
  
  "minimist@^1.2.0":
    "integrity" "sha1-o1AIsg9BOD7sH7kU9M1d95omQoQ="
    "resolved" "https://registry.npmjs.org/minimist/-/minimist-1.2.0.tgz"
    "version" "1.2.0"
  
  "minimist@~0.0.1":
    "integrity" "sha1-3j+YVD2/lggr5IrRoMfNqDYwHc8="
    "resolved" "https://registry.npmjs.org/minimist/-/minimist-0.0.10.tgz"
    "version" "0.0.10"
  
  "minimist@0.0.8":
    "integrity" "sha1-hX/Kv8M5fSYluCKCYuhqp6ARsF0="
    "resolved" "https://registry.npmjs.org/minimist/-/minimist-0.0.8.tgz"
    "version" "0.0.8"
  
  "mkdirp@^0.5.1":
    "integrity" "sha1-MAV0OOrGz3+MR2fzhkjWaX11yQM="
    "resolved" "https://registry.npmjs.org/mkdirp/-/mkdirp-0.5.1.tgz"
    "version" "0.5.1"
    dependencies:
      "minimist" "0.0.8"
  
  "ms@0.7.1":
    "integrity" "sha1-nNE8A62/8ltl7/3nzoZO6VIBcJg="
    "resolved" "https://registry.npmjs.org/ms/-/ms-0.7.1.tgz"
    "version" "0.7.1"
  
  "ms@0.7.2":
    "integrity" "sha1-riXPJRKziFodldfwN4aNhDESR2U="
    "resolved" "https://registry.npmjs.org/ms/-/ms-0.7.2.tgz"
    "version" "0.7.2"
  
  "ms@2.0.0":
    "integrity" "sha1-VgiurfwAvmwpAd9fmGF4jeDVl8g="
    "resolved" "https://registry.npmjs.org/ms/-/ms-2.0.0.tgz"
    "version" "2.0.0"
  
  "negotiator@0.6.1":
    "integrity" "sha1-KzJxhOiZIQEXeyhWP7XnECrNDKk="
    "resolved" "https://registry.npmjs.org/negotiator/-/negotiator-0.6.1.tgz"
    "version" "0.6.1"
  
  "normalize-path@^2.0.0", "normalize-path@^2.0.1":
    "integrity" "sha1-GrKLVW4Zg2Oowab35vogE3/mrtk="
    "resolved" "https://registry.npmjs.org/normalize-path/-/normalize-path-2.1.1.tgz"
    "version" "2.1.1"
    dependencies:
      "remove-trailing-separator" "^1.0.1"
  
  "null-check@^1.0.0":
    "integrity" "sha1-l33/1xdgErnsMNKjnbXPcqBDnt0="
    "resolved" "https://registry.npmjs.org/null-check/-/null-check-1.0.0.tgz"
    "version" "1.0.0"
  
  "number-is-nan@^1.0.0":
    "integrity" "sha1-CXtgK1NCKlIsGvuHkDGDNpQaAR0="
    "resolved" "https://registry.npmjs.org/number-is-nan/-/number-is-nan-1.0.1.tgz"
    "version" "1.0.1"
  
  "oauth-sign@~0.8.1":
    "integrity" "sha1-Rqarfwrq2N6unsBWV4C31O/rnUM="
    "resolved" "https://registry.npmjs.org/oauth-sign/-/oauth-sign-0.8.2.tgz"
    "version" "0.8.2"
  
  "object-assign@^4.0.1", "object-assign@4.1.0":
    "integrity" "sha1-ejs9DpgGPUP0wD8uiubNUahog6A="
    "resolved" "https://registry.npmjs.org/object-assign/-/object-assign-4.1.0.tgz"
    "version" "4.1.0"
  
  "object-component@0.0.3":
    "integrity" "sha1-8MaapQ78lbhmwYb0AKM3acsvEpE="
    "resolved" "https://registry.npmjs.org/object-component/-/object-component-0.0.3.tgz"
    "version" "0.0.3"
  
  "object.omit@^2.0.0":
    "integrity" "sha1-Gpx0SCnznbuFjHbKNXmuKlTr0fo="
    "resolved" "https://registry.npmjs.org/object.omit/-/object.omit-2.0.1.tgz"
    "version" "2.0.1"
    dependencies:
      "for-own" "^0.1.4"
      "is-extendable" "^0.1.1"
  
  "on-finished@~2.3.0":
    "integrity" "sha1-IPEzZIGwg811M3mSoWlxqi2QaUc="
    "resolved" "https://registry.npmjs.org/on-finished/-/on-finished-2.3.0.tgz"
    "version" "2.3.0"
    dependencies:
      "ee-first" "1.1.1"
  
  "once@^1.3.0", "once@^1.4.0":
    "integrity" "sha1-WDsap3WWHUsROsF9nFC6753Xa9E="
    "resolved" "https://registry.npmjs.org/once/-/once-1.4.0.tgz"
    "version" "1.4.0"
    dependencies:
      "wrappy" "1"
  
  "optimist@^0.6.1", "optimist@~0.6.0":
    "integrity" "sha1-2j6nRob6IaGaERwybpDrFaAZZoY="
    "resolved" "https://registry.npmjs.org/optimist/-/optimist-0.6.1.tgz"
    "version" "0.6.1"
    dependencies:
      "minimist" "~0.0.1"
      "wordwrap" "~0.0.2"
  
  "options@>=0.0.5":
    "integrity" "sha1-7CLTEoBrtT5zF3Pnza788cZDEo8="
    "resolved" "https://registry.npmjs.org/options/-/options-0.0.6.tgz"
    "version" "0.0.6"
  
  "os-tmpdir@~1.0.1":
    "integrity" "sha1-u+Z0BseaqFxc/sdm/lc0VV36EnQ="
    "resolved" "https://registry.npmjs.org/os-tmpdir/-/os-tmpdir-1.0.2.tgz"
    "version" "1.0.2"
  
  "parse-glob@^3.0.4":
    "integrity" "sha1-ssN2z7EfNVE7rdFz7wu246OIORw="
    "resolved" "https://registry.npmjs.org/parse-glob/-/parse-glob-3.0.4.tgz"
    "version" "3.0.4"
    dependencies:
      "glob-base" "^0.3.0"
      "is-dotfile" "^1.0.0"
      "is-extglob" "^1.0.0"
      "is-glob" "^2.0.0"
  
  "parsejson@0.0.3":
    "integrity" "sha1-q343WfIJ7OmUN5c/fQ8fZK4OZKs="
    "resolved" "https://registry.npmjs.org/parsejson/-/parsejson-0.0.3.tgz"
    "version" "0.0.3"
    dependencies:
      "better-assert" "~1.0.0"
  
  "parseqs@0.0.5":
    "integrity" "sha1-1SCKNzjkZ2bikbouoXNoSSGouJ0="
    "resolved" "https://registry.npmjs.org/parseqs/-/parseqs-0.0.5.tgz"
    "version" "0.0.5"
    dependencies:
      "better-assert" "~1.0.0"
  
  "parseuri@0.0.5":
    "integrity" "sha1-gCBKUNTbt3m/3G6+J3jZDkvOMgo="
    "resolved" "https://registry.npmjs.org/parseuri/-/parseuri-0.0.5.tgz"
    "version" "0.0.5"
    dependencies:
      "better-assert" "~1.0.0"
  
  "parseurl@~1.3.2":
    "integrity" "sha1-/CidTtiZMRlGDBViUyYs3I3mW/M="
    "resolved" "https://registry.npmjs.org/parseurl/-/parseurl-1.3.2.tgz"
    "version" "1.3.2"
  
  "path-is-absolute@^1.0.0":
    "integrity" "sha1-F0uSaHNVNP+8es5r9TpanhtcX18="
    "resolved" "https://registry.npmjs.org/path-is-absolute/-/path-is-absolute-1.0.1.tgz"
    "version" "1.0.1"
  
  "path-is-inside@^1.0.1":
    "integrity" "sha1-NlQX3t5EQw0cEa9hAn+s8HS9/FM="
    "resolved" "https://registry.npmjs.org/path-is-inside/-/path-is-inside-1.0.2.tgz"
    "version" "1.0.2"
  
  "path-parse@^1.0.5":
    "integrity" "sha1-PBrfhx6pzWyUMbbqK9dKD/BVxME="
    "resolved" "https://registry.npmjs.org/path-parse/-/path-parse-1.0.5.tgz"
    "version" "1.0.5"
  
  "performance-now@^0.2.0":
    "integrity" "sha1-M+8wxcd9TqIcWlOGnZG1bY8lVeU="
    "resolved" "https://registry.npmjs.org/performance-now/-/performance-now-0.2.0.tgz"
    "version" "0.2.0"
  
  "pify@^2.0.0":
    "integrity" "sha1-7RQaasBDqEnqWISY59yosVMw6Qw="
    "resolved" "https://registry.npmjs.org/pify/-/pify-2.3.0.tgz"
    "version" "2.3.0"
  
  "pinkie-promise@^2.0.0":
    "integrity" "sha1-ITXW36ejWMBprJsXh3YogihFD/o="
    "resolved" "https://registry.npmjs.org/pinkie-promise/-/pinkie-promise-2.0.1.tgz"
    "version" "2.0.1"
    dependencies:
      "pinkie" "^2.0.0"
  
  "pinkie@^2.0.0":
    "integrity" "sha1-clVrgM+g1IqXToDnckjoDtT3+HA="
    "resolved" "https://registry.npmjs.org/pinkie/-/pinkie-2.0.4.tgz"
    "version" "2.0.4"
  
  "preserve@^0.2.0":
    "integrity" "sha1-gV7R9uvGWSb4ZbMQwHE7yzMVzks="
    "resolved" "https://registry.npmjs.org/preserve/-/preserve-0.2.0.tgz"
    "version" "0.2.0"
  
  "process-nextick-args@~1.0.6":
    "integrity" "sha1-FQ4gt1ZZCtP5EJPyWk8q2L/zC6M="
    "resolved" "https://registry.npmjs.org/process-nextick-args/-/process-nextick-args-1.0.7.tgz"
    "version" "1.0.7"
  
  "protractor@~5.1.2":
    "integrity" "sha1-myIXQXCaTGLVzVPGqt1UpxE36V8="
    "resolved" "https://registry.npmjs.org/protractor/-/protractor-5.1.2.tgz"
    "version" "5.1.2"
    dependencies:
      "@types/node" "^6.0.46"
      "@types/q" "^0.0.32"
      "@types/selenium-webdriver" "~2.53.39"
      "blocking-proxy" "0.0.5"
      "chalk" "^1.1.3"
      "glob" "^7.0.3"
      "jasmine" "^2.5.3"
      "jasminewd2" "^2.1.0"
      "optimist" "~0.6.0"
      "q" "1.4.1"
      "saucelabs" "~1.3.0"
      "selenium-webdriver" "3.0.1"
      "source-map-support" "~0.4.0"
      "webdriver-js-extender" "^1.0.0"
      "webdriver-manager" "^12.0.6"
  
  "punycode@^1.4.1":
    "integrity" "sha1-wNWmOycYgArY4esPpSachN1BhF4="
    "resolved" "https://registry.npmjs.org/punycode/-/punycode-1.4.1.tgz"
    "version" "1.4.1"
  
  "q@^1.4.1", "q@1.4.1":
    "integrity" "sha1-VXBbzZPF82c1MMLCy8DCs63cKG4="
    "resolved" "https://registry.npmjs.org/q/-/q-1.4.1.tgz"
    "version" "1.4.1"
  
  "qjobs@^1.1.4":
    "integrity" "sha1-ZZ3p8s+NzCehSBJ28gU3cnI4LnM="
    "resolved" "https://registry.npmjs.org/qjobs/-/qjobs-1.1.5.tgz"
    "version" "1.1.5"
  
  "qs@~6.4.0":
    "integrity" "sha1-E+JtKK1rD/qpExLNO/cI7TUecjM="
    "resolved" "https://registry.npmjs.org/qs/-/qs-6.4.0.tgz"
    "version" "6.4.0"
  
  "qs@6.5.1":
    "integrity" "sha512-eRzhrN1WSINYCDCbrz796z37LOe3m5tmW7RQf6oBntukAG1nmovJvhnwHHRMAfeoItc1m2Hk02WER2aQ/iqs+A=="
    "resolved" "https://registry.npmjs.org/qs/-/qs-6.5.1.tgz"
    "version" "6.5.1"
  
  "randomatic@^1.1.3":
    "integrity" "sha512-D5JUjPyJbaJDkuAazpVnSfVkLlpeO3wDlPROTMLGKG1zMFNFRgrciKo1ltz/AzNTkqE0HzDx655QOL51N06how=="
    "resolved" "https://registry.npmjs.org/randomatic/-/randomatic-1.1.7.tgz"
    "version" "1.1.7"
    dependencies:
      "is-number" "^3.0.0"
      "kind-of" "^4.0.0"
  
  "range-parser@^1.2.0":
    "integrity" "sha1-9JvmtIeJTdxA3MlKMi9hEJLgDV4="
    "resolved" "https://registry.npmjs.org/range-parser/-/range-parser-1.2.0.tgz"
    "version" "1.2.0"
  
  "raw-body@2.3.2":
    "integrity" "sha1-vNYMd9Prk83gBQKVw/N5OJvIj4k="
    "resolved" "https://registry.npmjs.org/raw-body/-/raw-body-2.3.2.tgz"
    "version" "2.3.2"
    dependencies:
      "bytes" "3.0.0"
      "http-errors" "1.6.2"
      "iconv-lite" "0.4.19"
      "unpipe" "1.0.0"
  
  "readable-stream@^2.0.2":
    "integrity" "sha512-m+qzzcn7KUxEmd1gMbchF+Y2eIUbieUaxkWtptyHywrX0rE8QEYqPC07Vuy4Wm32/xE16NcdBctb8S0Xe/5IeQ=="
    "resolved" "https://registry.npmjs.org/readable-stream/-/readable-stream-2.3.3.tgz"
    "version" "2.3.3"
    dependencies:
      "core-util-is" "~1.0.0"
      "inherits" "~2.0.3"
      "isarray" "~1.0.0"
      "process-nextick-args" "~1.0.6"
      "safe-buffer" "~5.1.1"
      "string_decoder" "~1.0.3"
      "util-deprecate" "~1.0.1"
  
  "readable-stream@~1.0.2":
    "integrity" "sha1-Elgg40vIQtLyqq+v5MKRbuMsFXw="
    "resolved" "https://registry.npmjs.org/readable-stream/-/readable-stream-1.0.34.tgz"
    "version" "1.0.34"
    dependencies:
      "core-util-is" "~1.0.0"
      "inherits" "~2.0.1"
      "isarray" "0.0.1"
      "string_decoder" "~0.10.x"
  
  "readdirp@^2.0.0":
    "integrity" "sha1-TtCtBg3zBzMAxIRANz9y0cxkLXg="
    "resolved" "https://registry.npmjs.org/readdirp/-/readdirp-2.1.0.tgz"
    "version" "2.1.0"
    dependencies:
      "graceful-fs" "^4.1.2"
      "minimatch" "^3.0.2"
      "readable-stream" "^2.0.2"
      "set-immediate-shim" "^1.0.1"
  
  "reflect-metadata@^0.1.2":
    "integrity" "sha1-tPg3BEFqytiZiMmxVjXUfgO5NEo="
    "resolved" "https://registry.npmjs.org/reflect-metadata/-/reflect-metadata-0.1.10.tgz"
    "version" "0.1.10"
  
  "regenerate@^1.2.1":
    "integrity" "sha512-jVpo1GadrDAK59t/0jRx5VxYWQEDkkEKi6+HjE3joFVLfDOh9Xrdh0dF1eSq+BI/SwvTQ44gSscJ8N5zYL61sg=="
    "resolved" "https://registry.npmjs.org/regenerate/-/regenerate-1.3.3.tgz"
    "version" "1.3.3"
  
  "regenerator-runtime@^0.11.0":
    "integrity" "sha512-MguG95oij0fC3QV3URf4V2SDYGJhJnJGqvIIgdECeODCT98wSWDAJ94SSuVpYQUoTcGUIL6L4yNB7j1DFFHSBg=="
    "resolved" "https://registry.npmjs.org/regenerator-runtime/-/regenerator-runtime-0.11.1.tgz"
    "version" "0.11.1"
  
  "regex-cache@^0.4.2":
    "integrity" "sha512-nVIZwtCjkC9YgvWkpM55B5rBhBYRZhAaJbgcFYXXsHnbZ9UZI9nnVWYZpBlCqv9ho2eZryPnWrZGsOdPwVWXWQ=="
    "resolved" "https://registry.npmjs.org/regex-cache/-/regex-cache-0.4.4.tgz"
    "version" "0.4.4"
    dependencies:
      "is-equal-shallow" "^0.1.3"
  
  "regexpu-core@^1.0.0":
    "integrity" "sha1-hqdj9Y7k18L2sQLkdkBQ3n7ZDGs="
    "resolved" "https://registry.npmjs.org/regexpu-core/-/regexpu-core-1.0.0.tgz"
    "version" "1.0.0"
    dependencies:
      "regenerate" "^1.2.1"
      "regjsgen" "^0.2.0"
      "regjsparser" "^0.1.4"
  
  "regjsgen@^0.2.0":
    "integrity" "sha1-bAFq3qxVT3WCP+N6wFuS1aTtsfc="
    "resolved" "https://registry.npmjs.org/regjsgen/-/regjsgen-0.2.0.tgz"
    "version" "0.2.0"
  
  "regjsparser@^0.1.4":
    "integrity" "sha1-fuj4Tcb6eS0/0K4ijSS9lJ6tIFw="
    "resolved" "https://registry.npmjs.org/regjsparser/-/regjsparser-0.1.5.tgz"
    "version" "0.1.5"
    dependencies:
      "jsesc" "~0.5.0"
  
  "remove-trailing-separator@^1.0.1":
    "integrity" "sha1-wkvOKig62tW8P1jg1IJJuSN52O8="
    "resolved" "https://registry.npmjs.org/remove-trailing-separator/-/remove-trailing-separator-1.1.0.tgz"
    "version" "1.1.0"
  
  "repeat-element@^1.1.2":
    "integrity" "sha1-7wiaF40Ug7quTZPrmLT55OEdmQo="
    "resolved" "https://registry.npmjs.org/repeat-element/-/repeat-element-1.1.2.tgz"
    "version" "1.1.2"
  
  "repeat-string@^0.2.2":
    "integrity" "sha1-x6jTI2BoNiBZp+RlH8aITosftK4="
    "resolved" "https://registry.npmjs.org/repeat-string/-/repeat-string-0.2.2.tgz"
    "version" "0.2.2"
  
  "repeat-string@^1.5.2":
    "integrity" "sha1-jcrkcOHIirwtYA//Sndihtp15jc="
    "resolved" "https://registry.npmjs.org/repeat-string/-/repeat-string-1.6.1.tgz"
    "version" "1.6.1"
  
  "repeating@^2.0.0":
    "integrity" "sha1-UhTFOpJtNVJwdSf7q0FdvAjQbdo="
    "resolved" "https://registry.npmjs.org/repeating/-/repeating-2.0.1.tgz"
    "version" "2.0.1"
    dependencies:
      "is-finite" "^1.0.0"
  
  "request@^2.78.0":
    "integrity" "sha1-xpKJRqDgbF+Nb4qTM0af/aRimKA="
    "resolved" "https://registry.npmjs.org/request/-/request-2.81.0.tgz"
    "version" "2.81.0"
    dependencies:
      "aws-sign2" "~0.6.0"
      "aws4" "^1.2.1"
      "caseless" "~0.12.0"
      "combined-stream" "~1.0.5"
      "extend" "~3.0.0"
      "forever-agent" "~0.6.1"
      "form-data" "~2.1.1"
      "har-validator" "~4.2.1"
      "hawk" "~3.1.3"
      "http-signature" "~1.1.0"
      "is-typedarray" "~1.0.0"
      "isstream" "~0.1.2"
      "json-stringify-safe" "~5.0.1"
      "mime-types" "~2.1.7"
      "oauth-sign" "~0.8.1"
      "performance-now" "^0.2.0"
      "qs" "~6.4.0"
      "safe-buffer" "^5.0.1"
      "stringstream" "~0.0.4"
      "tough-cookie" "~2.3.0"
      "tunnel-agent" "^0.6.0"
      "uuid" "^3.0.0"
  
  "requires-port@1.x.x":
    "integrity" "sha1-kl0mAdOaxIXgkc8NpcbmlNw9yv8="
    "resolved" "https://registry.npmjs.org/requires-port/-/requires-port-1.0.0.tgz"
    "version" "1.0.0"
  
  "resolve@^1.1.6", "resolve@^1.3.2":
    "integrity" "sha512-hgoSGrc3pjzAPHNBg+KnFcK2HwlHTs/YrAGUr6qgTVUZmXv1UEXXl0bZNBKMA9fud6lRYFdPGz0xXxycPzmmiw=="
    "resolved" "https://registry.npmjs.org/resolve/-/resolve-1.5.0.tgz"
    "version" "1.5.0"
    dependencies:
      "path-parse" "^1.0.5"
  
  "right-align@^0.1.1":
    "integrity" "sha1-YTObci/mo1FWiSENJOFMlhSGE+8="
    "resolved" "https://registry.npmjs.org/right-align/-/right-align-0.1.3.tgz"
    "version" "0.1.3"
    dependencies:
      "align-text" "^0.1.1"
  
  "rimraf@^2.2.8", "rimraf@^2.5.2", "rimraf@^2.5.4", "rimraf@^2.6.0", "rimraf@^2.6.1":
    "integrity" "sha512-lreewLK/BlghmxtfH36YYVg1i8IAce4TI7oao75I1g245+6BctqTVQiBP3YUJ9C6DQOXJmkYR9X9fCLtCOJc5w=="
    "resolved" "https://registry.npmjs.org/rimraf/-/rimraf-2.6.2.tgz"
    "version" "2.6.2"
    dependencies:
      "glob" "^7.0.5"
  
  "rxjs@^5.5.0", "rxjs@^5.5.6":
    "integrity" "sha512-v4Q5HDC0FHAQ7zcBX7T2IL6O5ltl1a2GX4ENjPXg6SjDY69Cmx9v4113C99a4wGF16ClPv5Z8mghuYorVkg/kg=="
    "resolved" "https://registry.npmjs.org/rxjs/-/rxjs-5.5.6.tgz"
    "version" "5.5.6"
    dependencies:
      "symbol-observable" "1.0.1"
  
  "safe-buffer@^5.0.1", "safe-buffer@~5.1.0", "safe-buffer@~5.1.1":
    "integrity" "sha512-kKvNJn6Mm93gAczWVJg7wH+wGYWNrDHdWvpUmHyEsgCtIwwo3bqPtV4tR5tuPaUhTOo/kvhVwd8XwwOllGYkbg=="
    "resolved" "https://registry.npmjs.org/safe-buffer/-/safe-buffer-5.1.1.tgz"
    "version" "5.1.1"
  
  "saucelabs@~1.3.0":
    "integrity" "sha1-0kDoAJ33+ocwbsRXimm6O1xCT+4="
    "resolved" "https://registry.npmjs.org/saucelabs/-/saucelabs-1.3.0.tgz"
    "version" "1.3.0"
    dependencies:
      "https-proxy-agent" "^1.0.0"
  
  "sax@>=0.6.0":
    "integrity" "sha512-NqVDv9TpANUjFm0N8uM5GxL36UgKi9/atZw+x7YFnQ8ckwFGKrl4xX4yWtrey3UJm5nP1kUbnYgLopqWNSRhWw=="
    "resolved" "https://registry.npmjs.org/sax/-/sax-1.2.4.tgz"
    "version" "1.2.4"
  
  "sax@0.6.x":
    "integrity" "sha1-VjsZx8HeiS4Jv8Ty/DDjwn8JUrk="
    "resolved" "https://registry.npmjs.org/sax/-/sax-0.6.1.tgz"
    "version" "0.6.1"
  
  "selenium-webdriver@^2.53.2":
    "integrity" "sha1-0p/1qVff8aG0ncRXdW5OS/vc4IU="
    "resolved" "https://registry.npmjs.org/selenium-webdriver/-/selenium-webdriver-2.53.3.tgz"
    "version" "2.53.3"
    dependencies:
      "adm-zip" "0.4.4"
      "rimraf" "^2.2.8"
      "tmp" "0.0.24"
      "ws" "^1.0.1"
      "xml2js" "0.4.4"
  
  "selenium-webdriver@3.0.1":
    "integrity" "sha1-ot6l2kqX9mcuiefKcnbO+jZRR6c="
    "resolved" "https://registry.npmjs.org/selenium-webdriver/-/selenium-webdriver-3.0.1.tgz"
    "version" "3.0.1"
    dependencies:
      "adm-zip" "^0.4.7"
      "rimraf" "^2.5.4"
      "tmp" "0.0.30"
      "xml2js" "^0.4.17"
  
  "semver-dsl@^1.0.1":
    "integrity" "sha1-02eN5VVeimH2Ke7QJTZq5fJzQKA="
    "resolved" "https://registry.npmjs.org/semver-dsl/-/semver-dsl-1.0.1.tgz"
    "version" "1.0.1"
    dependencies:
      "semver" "^5.3.0"
  
  "semver@^5.3.0":
    "integrity" "sha512-WfG/X9+oATh81XtllIo/I8gOiY9EXRdv1cQdyykeXK17YcUW3EXUAi2To4pcH6nZtJPr7ZOpM5OMyWJZm+8Rsg=="
    "resolved" "https://registry.npmjs.org/semver/-/semver-5.4.1.tgz"
    "version" "5.4.1"
  
  "semver@~4.3.3":
    "integrity" "sha1-MAvG4OhjdPe6YQaLWx7NV/xlMto="
    "resolved" "https://registry.npmjs.org/semver/-/semver-4.3.6.tgz"
    "version" "4.3.6"
  
  "semver@~5.0.1":
    "integrity" "sha1-d0Zt5YnNXTyV8TiqeLxWmjy10no="
    "resolved" "https://registry.npmjs.org/semver/-/semver-5.0.3.tgz"
    "version" "5.0.3"
  
  "set-immediate-shim@^1.0.1":
    "integrity" "sha1-SysbJ+uAip+NzEgaWOXlb1mfP2E="
    "resolved" "https://registry.npmjs.org/set-immediate-shim/-/set-immediate-shim-1.0.1.tgz"
    "version" "1.0.1"
  
  "setprototypeof@1.0.3":
    "integrity" "sha1-ZlZ+NwQ+608E2RvWWMDL77VbjgQ="
    "resolved" "https://registry.npmjs.org/setprototypeof/-/setprototypeof-1.0.3.tgz"
    "version" "1.0.3"
  
  "sntp@1.x.x":
    "integrity" "sha1-ZUEYTMkK7qbG57NeJlkIJEPGYZg="
    "resolved" "https://registry.npmjs.org/sntp/-/sntp-1.0.9.tgz"
    "version" "1.0.9"
    dependencies:
      "hoek" "2.x.x"
  
  "socket.io-adapter@0.5.0":
    "integrity" "sha1-y21LuL7IHhB4uZZ3+c7QBGBmu4s="
    "resolved" "https://registry.npmjs.org/socket.io-adapter/-/socket.io-adapter-0.5.0.tgz"
    "version" "0.5.0"
    dependencies:
      "debug" "2.3.3"
      "socket.io-parser" "2.3.1"
  
  "socket.io-client@1.7.3":
    "integrity" "sha1-sw6GqhDV7zVGYBwJzeR2Xjgdo3c="
    "resolved" "https://registry.npmjs.org/socket.io-client/-/socket.io-client-1.7.3.tgz"
    "version" "1.7.3"
    dependencies:
      "backo2" "1.0.2"
      "component-bind" "1.0.0"
      "component-emitter" "1.2.1"
      "debug" "2.3.3"
      "engine.io-client" "1.8.3"
      "has-binary" "0.1.7"
      "indexof" "0.0.1"
      "object-component" "0.0.3"
      "parseuri" "0.0.5"
      "socket.io-parser" "2.3.1"
      "to-array" "0.1.4"
  
  "socket.io-parser@2.3.1":
    "integrity" "sha1-3VMgJRA85Clpcya+/WQAX8/ltKA="
    "resolved" "https://registry.npmjs.org/socket.io-parser/-/socket.io-parser-2.3.1.tgz"
    "version" "2.3.1"
    dependencies:
      "component-emitter" "1.1.2"
      "debug" "2.2.0"
      "isarray" "0.0.1"
      "json3" "3.3.2"
  
  "socket.io@1.7.3":
    "integrity" "sha1-uK+cq6AJSeVo42nxMn6pvp6iRhs="
    "resolved" "https://registry.npmjs.org/socket.io/-/socket.io-1.7.3.tgz"
    "version" "1.7.3"
    dependencies:
      "debug" "2.3.3"
      "engine.io" "1.8.3"
      "has-binary" "0.1.7"
      "object-assign" "4.1.0"
      "socket.io-adapter" "0.5.0"
      "socket.io-client" "1.7.3"
      "socket.io-parser" "2.3.1"
  
  "source-map-support@^0.4.0", "source-map-support@^0.4.2", "source-map-support@~0.4.0":
    "integrity" "sha512-try0/JqxPLF9nOjvSta7tVondkP5dwgyLDjVoyMDlmjugT2lRZ1OfsrYTkCd2hkDnJTKRbO/Rl3orm8vlsUzbA=="
    "resolved" "https://registry.npmjs.org/source-map-support/-/source-map-support-0.4.18.tgz"
    "version" "0.4.18"
    dependencies:
      "source-map" "^0.5.6"
  
  "source-map@^0.4.4":
    "integrity" "sha1-66T12pwNyZneaAMti092FzZSA2s="
    "resolved" "https://registry.npmjs.org/source-map/-/source-map-0.4.4.tgz"
    "version" "0.4.4"
    dependencies:
      "amdefine" ">=0.0.4"
  
  "source-map@^0.5.3", "source-map@^0.5.6", "source-map@~0.5.1":
    "integrity" "sha1-igOdLRAh0i0eoUyA2OpGi6LvP8w="
    "resolved" "https://registry.npmjs.org/source-map/-/source-map-0.5.7.tgz"
    "version" "0.5.7"
  
  "sprintf-js@^1.0.3":
    "integrity" "sha1-Nr54Mgr+WAH2zqPueLblqrlA6gw="
    "resolved" "https://registry.npmjs.org/sprintf-js/-/sprintf-js-1.1.1.tgz"
    "version" "1.1.1"
  
  "sprintf-js@~1.0.2":
    "integrity" "sha1-BOaSb2YolTVPPdAVIDYzuFcpfiw="
    "resolved" "https://registry.npmjs.org/sprintf-js/-/sprintf-js-1.0.3.tgz"
    "version" "1.0.3"
  
  "sshpk@^1.7.0":
    "integrity" "sha1-US322mKHFEMW3EwY/hzx2UBzm+M="
    "resolved" "https://registry.npmjs.org/sshpk/-/sshpk-1.13.1.tgz"
    "version" "1.13.1"
    dependencies:
      "asn1" "~0.2.3"
      "assert-plus" "^1.0.0"
      "dashdash" "^1.12.0"
      "getpass" "^0.1.1"
    optionalDependencies:
      "bcrypt-pbkdf" "^1.0.0"
      "ecc-jsbn" "~0.1.1"
      "jsbn" "~0.1.0"
      "tweetnacl" "~0.14.0"
  
  "statuses@>= 1.3.1 < 2", "statuses@~1.3.1":
    "integrity" "sha1-+vUbnrdKrvOzrPStX2Gr8ky3uT4="
    "resolved" "https://registry.npmjs.org/statuses/-/statuses-1.3.1.tgz"
    "version" "1.3.1"
  
  "string_decoder@~0.10.x":
    "integrity" "sha1-YuIDvEF2bGwoyfyEMB2rHFMQ+pQ="
    "resolved" "https://registry.npmjs.org/string_decoder/-/string_decoder-0.10.31.tgz"
    "version" "0.10.31"
  
  "string_decoder@~1.0.3":
    "integrity" "sha512-4AH6Z5fzNNBcH+6XDMfA/BTt87skxqJlO0lAh3Dker5zThcAxG6mKz+iGu308UKoPPQ8Dcqx/4JhujzltRa+hQ=="
    "resolved" "https://registry.npmjs.org/string_decoder/-/string_decoder-1.0.3.tgz"
    "version" "1.0.3"
    dependencies:
      "safe-buffer" "~5.1.0"
  
  "stringstream@~0.0.4":
    "integrity" "sha1-TkhM1N5aC7vuGORjB3EKioFiGHg="
    "resolved" "https://registry.npmjs.org/stringstream/-/stringstream-0.0.5.tgz"
    "version" "0.0.5"
  
  "strip-ansi@^3.0.0":
    "integrity" "sha1-ajhfuIU9lS1f8F0Oiq+UJ43GPc8="
    "resolved" "https://registry.npmjs.org/strip-ansi/-/strip-ansi-3.0.1.tgz"
    "version" "3.0.1"
    dependencies:
      "ansi-regex" "^2.0.0"
  
  "strip-bom@^2.0.0":
    "integrity" "sha1-YhmoVhZSBJHzV4i9vxRHqZx+aw4="
    "resolved" "https://registry.npmjs.org/strip-bom/-/strip-bom-2.0.0.tgz"
    "version" "2.0.0"
    dependencies:
      "is-utf8" "^0.2.0"
  
  "strip-bom@^3.0.0":
    "integrity" "sha1-IzTBjpx1n3vdVv3vfprj1YjmjtM="
    "resolved" "https://registry.npmjs.org/strip-bom/-/strip-bom-3.0.0.tgz"
    "version" "3.0.0"
  
  "strip-json-comments@^2.0.0":
    "integrity" "sha1-PFMZQukIwml8DsNEhYwobHygpgo="
    "resolved" "https://registry.npmjs.org/strip-json-comments/-/strip-json-comments-2.0.1.tgz"
    "version" "2.0.1"
  
  "supports-color@^2.0.0":
    "integrity" "sha1-U10EXOa2Nj+kARcIRimZXp3zJMc="
    "resolved" "https://registry.npmjs.org/supports-color/-/supports-color-2.0.0.tgz"
    "version" "2.0.0"
  
  "supports-color@^3.1.2":
    "integrity" "sha1-ZawFBLOVQXHYpklGsq48u4pfVPY="
    "resolved" "https://registry.npmjs.org/supports-color/-/supports-color-3.2.3.tgz"
    "version" "3.2.3"
    dependencies:
      "has-flag" "^1.0.0"
  
  "symbol-observable@1.0.1":
    "integrity" "sha1-g0D8RwLDEi310iKI+IKD9RPT/dQ="
    "resolved" "https://registry.npmjs.org/symbol-observable/-/symbol-observable-1.0.1.tgz"
    "version" "1.0.1"
  
  "through@X.X.X":
    "integrity" "sha1-DdTJ/6q8NXlgsbckEV1+Doai4fU="
    "resolved" "https://registry.npmjs.org/through/-/through-2.3.8.tgz"
    "version" "2.3.8"
  
  "tmp@0.0.24":
    "integrity" "sha1-1qXhmNFKmDXMby18PZ4wJCjIzxI="
    "resolved" "https://registry.npmjs.org/tmp/-/tmp-0.0.24.tgz"
    "version" "0.0.24"
  
  "tmp@0.0.30":
    "integrity" "sha1-ckGdSovn1s51FI/YsyTlk6cRwu0="
    "resolved" "https://registry.npmjs.org/tmp/-/tmp-0.0.30.tgz"
    "version" "0.0.30"
    dependencies:
      "os-tmpdir" "~1.0.1"
  
  "tmp@0.0.31", "tmp@0.0.x":
    "integrity" "sha1-jzirlDjhcxXl29izZX6L+yd65Kc="
    "resolved" "https://registry.npmjs.org/tmp/-/tmp-0.0.31.tgz"
    "version" "0.0.31"
    dependencies:
      "os-tmpdir" "~1.0.1"
  
  "to-array@0.1.4":
    "integrity" "sha1-F+bBH3PdTz10zaek/zI46a2b+JA="
    "resolved" "https://registry.npmjs.org/to-array/-/to-array-0.1.4.tgz"
    "version" "0.1.4"
  
  "to-fast-properties@^1.0.3":
    "integrity" "sha1-uDVx+k2MJbguIxsG46MFXeTKGkc="
    "resolved" "https://registry.npmjs.org/to-fast-properties/-/to-fast-properties-1.0.3.tgz"
    "version" "1.0.3"
  
  "tough-cookie@~2.3.0":
    "integrity" "sha1-C2GKVWW23qkL80JdBNVe3EdadWE="
    "resolved" "https://registry.npmjs.org/tough-cookie/-/tough-cookie-2.3.3.tgz"
    "version" "2.3.3"
    dependencies:
      "punycode" "^1.4.1"
  
  "trim-right@^1.0.1":
    "integrity" "sha1-yy4SAwZ+DI3h9hQJS5/kVwTqYAM="
    "resolved" "https://registry.npmjs.org/trim-right/-/trim-right-1.0.1.tgz"
    "version" "1.0.1"
  
  "ts-node@~3.0.4":
    "integrity" "sha1-VRJ/95DH7r9rpowebd6UsJqqIeA="
    "resolved" "https://registry.npmjs.org/ts-node/-/ts-node-3.0.6.tgz"
    "version" "3.0.6"
    dependencies:
      "arrify" "^1.0.0"
      "chalk" "^1.1.1"
      "diff" "^3.1.0"
      "make-error" "^1.1.1"
      "minimist" "^1.2.0"
      "mkdirp" "^0.5.1"
      "source-map-support" "^0.4.0"
      "tsconfig" "^6.0.0"
      "v8flags" "^2.0.11"
      "yn" "^2.0.0"
  
  "tsconfig@^6.0.0":
    "integrity" "sha1-aw6DdgA9evGGT434+J3QBZ/80DI="
    "resolved" "https://registry.npmjs.org/tsconfig/-/tsconfig-6.0.0.tgz"
    "version" "6.0.0"
    dependencies:
      "strip-bom" "^3.0.0"
      "strip-json-comments" "^2.0.0"
  
  "tsickle@^0.25.5":
    "integrity" "sha1-tZXbFrI2chgk7u2ouyYjZbR+8zQ="
    "resolved" "https://registry.npmjs.org/tsickle/-/tsickle-0.25.6.tgz"
    "version" "0.25.6"
    dependencies:
      "minimist" "^1.2.0"
      "mkdirp" "^0.5.1"
      "source-map" "^0.5.6"
      "source-map-support" "^0.4.2"
  
  "tslib@^1.6.0", "tslib@^1.7.1", "tslib@^1.8.1":
    "integrity" "sha1-aUavLR1lGnsYY7Ux1uWvpBqkTqw="
    "resolved" "https://registry.npmjs.org/tslib/-/tslib-1.8.1.tgz"
    "version" "1.8.1"
  
  "tslint@^5.0.0", "tslint@~5.3.2":
    "integrity" "sha1-5WRZ+wlacwfxA7hAUhdPXju+9u0="
    "resolved" "https://registry.npmjs.org/tslint/-/tslint-5.3.2.tgz"
    "version" "5.3.2"
    dependencies:
      "babel-code-frame" "^6.22.0"
      "colors" "^1.1.2"
      "diff" "^3.2.0"
      "glob" "^7.1.1"
      "optimist" "~0.6.0"
      "resolve" "^1.3.2"
      "semver" "^5.3.0"
      "tslib" "^1.6.0"
      "tsutils" "^2.0.0"
  
  "tsutils@^2.0.0":
    "integrity" "sha512-kKb1mSqRMwF0GHKya5/hZsI2m7Flg4ONZDeYu4e6Gx+kYAu86zsLNCHcUmNWhCRaUcKshNI272hOzuaCQDzJ2g=="
    "resolved" "https://registry.npmjs.org/tsutils/-/tsutils-2.15.0.tgz"
    "version" "2.15.0"
    dependencies:
      "tslib" "^1.8.1"
  
  "tunnel-agent@^0.6.0":
    "integrity" "sha1-J6XeoGs2sEoKmWZ3SykIaPD8QP0="
    "resolved" "https://registry.npmjs.org/tunnel-agent/-/tunnel-agent-0.6.0.tgz"
    "version" "0.6.0"
    dependencies:
      "safe-buffer" "^5.0.1"
  
  "tweetnacl@^0.14.3", "tweetnacl@~0.14.0":
    "integrity" "sha1-WuaBd/GS1EViadEIr6k/+HQ/T2Q="
    "resolved" "https://registry.npmjs.org/tweetnacl/-/tweetnacl-0.14.5.tgz"
    "version" "0.14.5"
  
  "type-is@~1.6.15":
    "integrity" "sha1-yrEPtJCeRByChC6v4a1kbIGARBA="
    "resolved" "https://registry.npmjs.org/type-is/-/type-is-1.6.15.tgz"
    "version" "1.6.15"
    dependencies:
      "media-typer" "0.3.0"
      "mime-types" "~2.1.15"
  
  "typescript@>=2.1.0 || >=2.1.0-dev || >=2.2.0-dev || >=2.3.0-dev || >= 2.4.0-dev || >= 2.5.0-dev || >= 2.6.0-dev || >= 2.7.0-dev || >= 2.8.0-dev", "typescript@>=2.1.0 || >=2.1.0-dev || >=2.2.0-dev || >=2.3.0-dev || >=2.4.0-dev", "typescript@>=2.4.2 <2.6", "typescript@~2.4.2":
    "integrity" "sha1-+DlfhdRZJ2BnyYiqQYN6j4KHCEQ="
    "resolved" "https://registry.npmjs.org/typescript/-/typescript-2.4.2.tgz"
    "version" "2.4.2"
  
  "uglify-js@^2.6":
    "integrity" "sha1-KcVzMUgFe7Th913zW3qcty5qWd0="
    "resolved" "https://registry.npmjs.org/uglify-js/-/uglify-js-2.8.29.tgz"
    "version" "2.8.29"
    dependencies:
      "source-map" "~0.5.1"
      "yargs" "~3.10.0"
    optionalDependencies:
      "uglify-to-browserify" "~1.0.0"
  
  "uglify-to-browserify@~1.0.0":
    "integrity" "sha1-bgkk1r2mta/jSeOabWMoUKD4grc="
    "resolved" "https://registry.npmjs.org/uglify-to-browserify/-/uglify-to-browserify-1.0.2.tgz"
    "version" "1.0.2"
  
  "ultron@1.0.x":
    "integrity" "sha1-rOEWq1V80Zc4ak6I9GhTeMiy5Po="
    "resolved" "https://registry.npmjs.org/ultron/-/ultron-1.0.2.tgz"
    "version" "1.0.2"
  
  "unpipe@~1.0.0", "unpipe@1.0.0":
    "integrity" "sha1-sr9O6FFKrmFltIF4KdIbLvSZBOw="
    "resolved" "https://registry.npmjs.org/unpipe/-/unpipe-1.0.0.tgz"
    "version" "1.0.0"
  
  "user-home@^1.1.1":
    "integrity" "sha1-K1viOjK2Onyd640PKNSFcko98ZA="
    "resolved" "https://registry.npmjs.org/user-home/-/user-home-1.1.1.tgz"
    "version" "1.1.1"
  
  "useragent@^2.1.12":
    "integrity" "sha1-z1k+9PLRdYdei7ZY6pLhik/QbY4="
    "resolved" "https://registry.npmjs.org/useragent/-/useragent-2.2.1.tgz"
    "version" "2.2.1"
    dependencies:
      "lru-cache" "2.2.x"
      "tmp" "0.0.x"
  
  "util-deprecate@~1.0.1":
    "integrity" "sha1-RQ1Nyfpw3nMnYvvS1KKJgUGaDM8="
    "resolved" "https://registry.npmjs.org/util-deprecate/-/util-deprecate-1.0.2.tgz"
    "version" "1.0.2"
  
  "utils-merge@1.0.1":
    "integrity" "sha1-n5VxD1CiZ5R7LMwSR0HBAoQn5xM="
    "resolved" "https://registry.npmjs.org/utils-merge/-/utils-merge-1.0.1.tgz"
    "version" "1.0.1"
  
  "uuid@^3.0.0":
    "integrity" "sha512-DIWtzUkw04M4k3bf1IcpS2tngXEL26YUD2M0tMDUpnUrz2hgzUBlD55a4FjdLGPvfHxS6uluGWvaVEqgBcVa+g=="
    "resolved" "https://registry.npmjs.org/uuid/-/uuid-3.1.0.tgz"
    "version" "3.1.0"
  
  "v8flags@^2.0.11":
    "integrity" "sha1-qrGh+jDUX4jdMhFIh1rALAtV5bQ="
    "resolved" "https://registry.npmjs.org/v8flags/-/v8flags-2.1.1.tgz"
    "version" "2.1.1"
    dependencies:
      "user-home" "^1.1.1"
  
  "verror@1.10.0":
    "integrity" "sha1-OhBcoXBTr1XW4nDB+CiGguGNpAA="
    "resolved" "https://registry.npmjs.org/verror/-/verror-1.10.0.tgz"
    "version" "1.10.0"
    dependencies:
      "assert-plus" "^1.0.0"
      "core-util-is" "1.0.2"
      "extsprintf" "^1.2.0"
  
  "void-elements@^2.0.0":
    "integrity" "sha1-wGavtYK7HLQSjWDqkjkulNXp2+w="
    "resolved" "https://registry.npmjs.org/void-elements/-/void-elements-2.0.1.tgz"
    "version" "2.0.1"
  
  "web-animations-js@2.3.1":
    "integrity" "sha1-Om2bwVGWN3qQ+OKAP6UmIWWwRRA="
    "resolved" "https://registry.npmjs.org/web-animations-js/-/web-animations-js-2.3.1.tgz"
    "version" "2.3.1"
  
  "webdriver-js-extender@^1.0.0":
    "integrity" "sha1-gcUzqeM9W/tZe05j4s2yW1R3dRU="
    "resolved" "https://registry.npmjs.org/webdriver-js-extender/-/webdriver-js-extender-1.0.0.tgz"
    "version" "1.0.0"
    dependencies:
      "@types/selenium-webdriver" "^2.53.35"
      "selenium-webdriver" "^2.53.2"
  
  "webdriver-manager@^12.0.6":
    "integrity" "sha1-PfGkgZdwELTL+MnYXHpXeCjA5ws="
    "resolved" "https://registry.npmjs.org/webdriver-manager/-/webdriver-manager-12.0.6.tgz"
    "version" "12.0.6"
    dependencies:
      "adm-zip" "^0.4.7"
      "chalk" "^1.1.1"
      "del" "^2.2.0"
      "glob" "^7.0.3"
      "ini" "^1.3.4"
      "minimist" "^1.2.0"
      "q" "^1.4.1"
      "request" "^2.78.0"
      "rimraf" "^2.5.2"
      "semver" "^5.3.0"
      "xml2js" "^0.4.17"
  
  "which@^1.2.1":
    "integrity" "sha512-xcJpopdamTuY5duC/KnTTNBraPK54YwpenP4lzxU8H91GudWpFv38u0CKjclE1Wi2EH2EDz5LRcHcKbCIzqGyg=="
    "resolved" "https://registry.npmjs.org/which/-/which-1.3.0.tgz"
    "version" "1.3.0"
    dependencies:
      "isexe" "^2.0.0"
  
  "window-size@0.1.0":
    "integrity" "sha1-VDjNLqk7IC76Ohn+iIeu58lPnJ0="
    "resolved" "https://registry.npmjs.org/window-size/-/window-size-0.1.0.tgz"
    "version" "0.1.0"
  
  "wordwrap@~0.0.2":
    "integrity" "sha1-o9XabNXAvAAI03I0u68b7WMFkQc="
    "resolved" "https://registry.npmjs.org/wordwrap/-/wordwrap-0.0.3.tgz"
    "version" "0.0.3"
  
  "wordwrap@0.0.2":
    "integrity" "sha1-t5Zpu0LstAn4PVg8rVLKF+qhZD8="
    "resolved" "https://registry.npmjs.org/wordwrap/-/wordwrap-0.0.2.tgz"
    "version" "0.0.2"
  
  "wrappy@1":
    "integrity" "sha1-tSQ9jz7BqjXxNkYFvA0QNuMKtp8="
    "resolved" "https://registry.npmjs.org/wrappy/-/wrappy-1.0.2.tgz"
    "version" "1.0.2"
  
  "ws@^1.0.1", "ws@1.1.2":
    "integrity" "sha1-iiRPoFJAHgjJiGz0SoUYnh/UBn8="
    "resolved" "https://registry.npmjs.org/ws/-/ws-1.1.2.tgz"
    "version" "1.1.2"
    dependencies:
      "options" ">=0.0.5"
      "ultron" "1.0.x"
  
  "wtf-8@1.0.0":
    "integrity" "sha1-OS2LotDxw00e4tYw8V0O+2jhBIo="
    "resolved" "https://registry.npmjs.org/wtf-8/-/wtf-8-1.0.0.tgz"
    "version" "1.0.0"
  
  "xml2js@^0.4.17":
    "integrity" "sha512-esZnJZJOiJR9wWKMyuvSE1y6Dq5LCuJanqhxslH2bxM6duahNZ+HMpCLhBQGZkbX6xRf8x1Y2eJlgt2q3qo49Q=="
    "resolved" "https://registry.npmjs.org/xml2js/-/xml2js-0.4.19.tgz"
    "version" "0.4.19"
    dependencies:
      "sax" ">=0.6.0"
      "xmlbuilder" "~9.0.1"
  
  "xml2js@0.4.4":
    "integrity" "sha1-MREBAAMAiuGSQOuhdJe1fHKcVV0="
    "resolved" "https://registry.npmjs.org/xml2js/-/xml2js-0.4.4.tgz"
    "version" "0.4.4"
    dependencies:
      "sax" "0.6.x"
      "xmlbuilder" ">=1.0.0"
  
  "xmlbuilder@>=1.0.0", "xmlbuilder@~9.0.1":
    "integrity" "sha1-UZy0ymhtAFqEINNJbz8MruzKWA8="
    "resolved" "https://registry.npmjs.org/xmlbuilder/-/xmlbuilder-9.0.4.tgz"
    "version" "9.0.4"
  
  "xmlhttprequest-ssl@1.5.3":
    "integrity" "sha1-GFqIjATspGw+QHDZn3tJ3jUomS0="
    "resolved" "https://registry.npmjs.org/xmlhttprequest-ssl/-/xmlhttprequest-ssl-1.5.3.tgz"
    "version" "1.5.3"
  
  "yargs@~3.10.0":
    "integrity" "sha1-9+572FfdfB0tOMDnTvvWgdFDH9E="
    "resolved" "https://registry.npmjs.org/yargs/-/yargs-3.10.0.tgz"
    "version" "3.10.0"
    dependencies:
      "camelcase" "^1.0.2"
      "cliui" "^2.1.0"
      "decamelize" "^1.0.0"
      "window-size" "0.1.0"
  
  "yeast@0.1.2":
    "integrity" "sha1-AI4G2AlDIMNy28L47XagymyKxBk="
    "resolved" "https://registry.npmjs.org/yeast/-/yeast-0.1.2.tgz"
    "version" "0.1.2"
  
  "yn@^2.0.0":
    "integrity" "sha1-5a2ryKz0CPY4X8dklWhMiOavaJo="
    "resolved" "https://registry.npmjs.org/yn/-/yn-2.0.0.tgz"
    "version" "2.0.0"
  
  "zone.js@^0.8.19", "zone.js@^0.8.4":
    "integrity" "sha512-l9rofaOs6a4y1W8zt4pDmnCUCnYG377dG+5SZlXNWrTWYUuXFqcJZiOarhYiRVR0NI9sH/8ooPJiz4uprB/Mkg=="
    "resolved" "https://registry.npmjs.org/zone.js/-/zone.js-0.8.19.tgz"
    "version" "0.8.19"
